mode: atomic
goshop/app/goods/srv/internal/controller/v1/goods.go:24.68,56.2 1 0
goshop/app/goods/srv/internal/controller/v1/goods.go:58.124,59.20 1 1
goshop/app/goods/srv/internal/controller/v1/goods.go:59.20,61.3 1 1
goshop/app/goods/srv/internal/controller/v1/goods.go:63.2,64.16 2 0
goshop/app/goods/srv/internal/controller/v1/goods.go:64.16,67.3 2 0
goshop/app/goods/srv/internal/controller/v1/goods.go:68.2,70.34 3 0
goshop/app/goods/srv/internal/controller/v1/goods.go:70.34,72.3 1 0
goshop/app/goods/srv/internal/controller/v1/goods.go:73.2,73.18 1 0
goshop/app/goods/srv/internal/controller/v1/goods.go:76.123,77.17 1 1
goshop/app/goods/srv/internal/controller/v1/goods.go:77.17,79.3 1 1
goshop/app/goods/srv/internal/controller/v1/goods.go:81.2,82.29 2 0
goshop/app/goods/srv/internal/controller/v1/goods.go:82.29,84.3 1 0
goshop/app/goods/srv/internal/controller/v1/goods.go:85.2,86.16 2 0
goshop/app/goods/srv/internal/controller/v1/goods.go:86.16,88.3 1 0
goshop/app/goods/srv/internal/controller/v1/goods.go:89.2,90.27 2 0
goshop/app/goods/srv/internal/controller/v1/goods.go:90.27,92.3 1 0
goshop/app/goods/srv/internal/controller/v1/goods.go:93.2,93.18 1 0
goshop/app/goods/srv/internal/controller/v1/goods.go:96.120,97.17 1 1
goshop/app/goods/srv/internal/controller/v1/goods.go:97.17,99.3 1 1
goshop/app/goods/srv/internal/controller/v1/goods.go:101.2,102.58 2 0
goshop/app/goods/srv/internal/controller/v1/goods.go:102.58,104.3 1 0
goshop/app/goods/srv/internal/controller/v1/goods.go:105.2,106.16 2 0
goshop/app/goods/srv/internal/controller/v1/goods.go:106.16,108.3 1 0
goshop/app/goods/srv/internal/controller/v1/goods.go:109.2,109.38 1 0
goshop/app/goods/srv/internal/controller/v1/goods.go:112.110,113.17 1 1
goshop/app/goods/srv/internal/controller/v1/goods.go:113.17,115.3 1 1
goshop/app/goods/srv/internal/controller/v1/goods.go:117.2,117.68 1 0
goshop/app/goods/srv/internal/controller/v1/goods.go:117.68,119.3 1 0
goshop/app/goods/srv/internal/controller/v1/goods.go:120.2,120.30 1 0
goshop/app/goods/srv/internal/controller/v1/goods.go:123.110,124.17 1 1
goshop/app/goods/srv/internal/controller/v1/goods.go:124.17,126.3 1 1
goshop/app/goods/srv/internal/controller/v1/goods.go:128.2,128.79 1 0
goshop/app/goods/srv/internal/controller/v1/goods.go:128.79,130.3 1 0
goshop/app/goods/srv/internal/controller/v1/goods.go:131.2,131.30 1 0
goshop/app/goods/srv/internal/controller/v1/goods.go:134.126,135.20 1 1
goshop/app/goods/srv/internal/controller/v1/goods.go:135.20,137.3 1 1
goshop/app/goods/srv/internal/controller/v1/goods.go:139.2,140.16 2 0
goshop/app/goods/srv/internal/controller/v1/goods.go:140.16,142.3 1 0
goshop/app/goods/srv/internal/controller/v1/goods.go:143.2,143.36 1 0
goshop/app/goods/srv/internal/controller/v1/goods.go:146.124,148.16 2 0
goshop/app/goods/srv/internal/controller/v1/goods.go:148.16,150.3 1 0
goshop/app/goods/srv/internal/controller/v1/goods.go:152.2,153.34 2 0
goshop/app/goods/srv/internal/controller/v1/goods.go:153.34,155.3 1 0
goshop/app/goods/srv/internal/controller/v1/goods.go:156.2,156.17 1 0
goshop/app/goods/srv/internal/controller/v1/goods.go:159.136,160.20 1 1
goshop/app/goods/srv/internal/controller/v1/goods.go:160.20,162.3 1 1
goshop/app/goods/srv/internal/controller/v1/goods.go:164.2,165.16 2 0
goshop/app/goods/srv/internal/controller/v1/goods.go:165.16,167.3 1 0
goshop/app/goods/srv/internal/controller/v1/goods.go:169.2,173.44 2 0
goshop/app/goods/srv/internal/controller/v1/goods.go:173.44,175.3 1 0
goshop/app/goods/srv/internal/controller/v1/goods.go:176.2,176.17 1 0
goshop/app/goods/srv/internal/controller/v1/goods.go:179.133,180.20 1 1
goshop/app/goods/srv/internal/controller/v1/goods.go:180.20,182.3 1 1
goshop/app/goods/srv/internal/controller/v1/goods.go:184.2,185.16 2 0
goshop/app/goods/srv/internal/controller/v1/goods.go:185.16,187.3 1 0
goshop/app/goods/srv/internal/controller/v1/goods.go:188.2,188.42 1 0
goshop/app/goods/srv/internal/controller/v1/goods.go:191.122,192.20 1 1
goshop/app/goods/srv/internal/controller/v1/goods.go:192.20,194.3 1 1
goshop/app/goods/srv/internal/controller/v1/goods.go:196.2,196.81 1 0
goshop/app/goods/srv/internal/controller/v1/goods.go:196.81,198.3 1 0
goshop/app/goods/srv/internal/controller/v1/goods.go:199.2,199.30 1 0
goshop/app/goods/srv/internal/controller/v1/goods.go:202.120,203.20 1 1
goshop/app/goods/srv/internal/controller/v1/goods.go:203.20,205.3 1 1
goshop/app/goods/srv/internal/controller/v1/goods.go:207.2,207.86 1 0
goshop/app/goods/srv/internal/controller/v1/goods.go:207.86,209.3 1 0
goshop/app/goods/srv/internal/controller/v1/goods.go:210.2,210.30 1 0
goshop/app/goods/srv/internal/controller/v1/goods.go:213.124,214.20 1 1
goshop/app/goods/srv/internal/controller/v1/goods.go:214.20,216.3 1 1
goshop/app/goods/srv/internal/controller/v1/goods.go:218.2,219.16 2 0
goshop/app/goods/srv/internal/controller/v1/goods.go:219.16,221.3 1 0
goshop/app/goods/srv/internal/controller/v1/goods.go:223.2,224.34 2 0
goshop/app/goods/srv/internal/controller/v1/goods.go:224.34,226.3 1 0
goshop/app/goods/srv/internal/controller/v1/goods.go:227.2,227.17 1 0
goshop/app/goods/srv/internal/controller/v1/goods.go:230.120,231.20 1 1
goshop/app/goods/srv/internal/controller/v1/goods.go:231.20,233.3 1 1
goshop/app/goods/srv/internal/controller/v1/goods.go:235.2,236.16 2 0
goshop/app/goods/srv/internal/controller/v1/goods.go:236.16,238.3 1 0
goshop/app/goods/srv/internal/controller/v1/goods.go:239.2,239.36 1 0
goshop/app/goods/srv/internal/controller/v1/goods.go:242.110,243.20 1 1
goshop/app/goods/srv/internal/controller/v1/goods.go:243.20,245.3 1 1
goshop/app/goods/srv/internal/controller/v1/goods.go:247.2,247.77 1 0
goshop/app/goods/srv/internal/controller/v1/goods.go:247.77,249.3 1 0
goshop/app/goods/srv/internal/controller/v1/goods.go:250.2,250.30 1 0
goshop/app/goods/srv/internal/controller/v1/goods.go:253.110,254.20 1 1
goshop/app/goods/srv/internal/controller/v1/goods.go:254.20,256.3 1 1
goshop/app/goods/srv/internal/controller/v1/goods.go:258.2,258.79 1 0
goshop/app/goods/srv/internal/controller/v1/goods.go:258.79,260.3 1 0
goshop/app/goods/srv/internal/controller/v1/goods.go:261.2,261.30 1 0
goshop/app/goods/srv/internal/controller/v1/goods.go:264.113,266.16 2 0
goshop/app/goods/srv/internal/controller/v1/goods.go:266.16,268.3 1 0
goshop/app/goods/srv/internal/controller/v1/goods.go:270.2,271.34 2 0
goshop/app/goods/srv/internal/controller/v1/goods.go:271.34,273.3 1 0
goshop/app/goods/srv/internal/controller/v1/goods.go:274.2,274.17 1 0
goshop/app/goods/srv/internal/controller/v1/goods.go:277.119,278.20 1 1
goshop/app/goods/srv/internal/controller/v1/goods.go:278.20,280.3 1 1
goshop/app/goods/srv/internal/controller/v1/goods.go:282.2,283.16 2 0
goshop/app/goods/srv/internal/controller/v1/goods.go:283.16,285.3 1 0
goshop/app/goods/srv/internal/controller/v1/goods.go:286.2,286.38 1 0
goshop/app/goods/srv/internal/controller/v1/goods.go:289.112,290.20 1 1
goshop/app/goods/srv/internal/controller/v1/goods.go:290.20,292.3 1 1
goshop/app/goods/srv/internal/controller/v1/goods.go:294.2,294.78 1 0
goshop/app/goods/srv/internal/controller/v1/goods.go:294.78,296.3 1 0
goshop/app/goods/srv/internal/controller/v1/goods.go:297.2,297.30 1 0
goshop/app/goods/srv/internal/controller/v1/goods.go:300.112,301.20 1 1
goshop/app/goods/srv/internal/controller/v1/goods.go:301.20,303.3 1 1
goshop/app/goods/srv/internal/controller/v1/goods.go:305.2,305.81 1 0
goshop/app/goods/srv/internal/controller/v1/goods.go:305.81,307.3 1 0
goshop/app/goods/srv/internal/controller/v1/goods.go:308.2,308.30 1 0
goshop/app/goods/srv/internal/controller/v1/goods.go:311.148,312.20 1 1
goshop/app/goods/srv/internal/controller/v1/goods.go:312.20,314.3 1 1
goshop/app/goods/srv/internal/controller/v1/goods.go:316.2,317.16 2 0
goshop/app/goods/srv/internal/controller/v1/goods.go:317.16,319.3 1 0
goshop/app/goods/srv/internal/controller/v1/goods.go:321.2,322.34 2 0
goshop/app/goods/srv/internal/controller/v1/goods.go:322.34,324.3 1 0
goshop/app/goods/srv/internal/controller/v1/goods.go:325.2,325.17 1 0
goshop/app/goods/srv/internal/controller/v1/goods.go:328.136,329.20 1 1
goshop/app/goods/srv/internal/controller/v1/goods.go:329.20,331.3 1 1
goshop/app/goods/srv/internal/controller/v1/goods.go:333.2,334.16 2 0
goshop/app/goods/srv/internal/controller/v1/goods.go:334.16,336.3 1 0
goshop/app/goods/srv/internal/controller/v1/goods.go:338.2,339.34 2 0
goshop/app/goods/srv/internal/controller/v1/goods.go:339.34,341.3 1 0
goshop/app/goods/srv/internal/controller/v1/goods.go:342.2,342.17 1 0
goshop/app/goods/srv/internal/controller/v1/goods.go:345.140,346.20 1 1
goshop/app/goods/srv/internal/controller/v1/goods.go:346.20,348.3 1 1
goshop/app/goods/srv/internal/controller/v1/goods.go:350.2,351.16 2 0
goshop/app/goods/srv/internal/controller/v1/goods.go:351.16,353.3 1 0
goshop/app/goods/srv/internal/controller/v1/goods.go:354.2,354.47 1 0
goshop/app/goods/srv/internal/controller/v1/goods.go:357.126,358.20 1 1
goshop/app/goods/srv/internal/controller/v1/goods.go:358.20,360.3 1 1
goshop/app/goods/srv/internal/controller/v1/goods.go:362.2,362.85 1 0
goshop/app/goods/srv/internal/controller/v1/goods.go:362.85,364.3 1 0
goshop/app/goods/srv/internal/controller/v1/goods.go:365.2,365.30 1 0
goshop/app/goods/srv/internal/controller/v1/goods.go:368.126,369.20 1 1
goshop/app/goods/srv/internal/controller/v1/goods.go:369.20,371.3 1 1
goshop/app/goods/srv/internal/controller/v1/goods.go:373.2,373.95 1 0
goshop/app/goods/srv/internal/controller/v1/goods.go:373.95,375.3 1 0
goshop/app/goods/srv/internal/controller/v1/goods.go:376.2,376.30 1 0
goshop/app/goods/srv/internal/controller/v1/goods.go:379.57,381.2 1 0
goshop/app/goods/srv/internal/controller/v1/goods.go:383.70,406.2 1 1
goshop/app/goods/srv/internal/controller/v1/goods.go:408.78,409.21 1 0
goshop/app/goods/srv/internal/controller/v1/goods.go:409.21,411.3 1 0
goshop/app/goods/srv/internal/controller/v1/goods.go:412.2,418.3 1 0
goshop/app/goods/srv/internal/controller/v1/goods.go:421.77,429.2 1 0
goshop/app/goods/srv/internal/controller/v1/goods.go:431.67,432.18 1 0
goshop/app/goods/srv/internal/controller/v1/goods.go:432.18,434.3 1 0
goshop/app/goods/srv/internal/controller/v1/goods.go:435.2,439.3 1 0
goshop/app/goods/srv/internal/controller/v1/goods.go:442.65,448.2 1 0
goshop/app/goods/srv/internal/controller/v1/goods.go:450.66,451.19 1 0
goshop/app/goods/srv/internal/controller/v1/goods.go:451.19,453.3 1 0
goshop/app/goods/srv/internal/controller/v1/goods.go:454.2,459.3 1 0
goshop/app/goods/srv/internal/controller/v1/goods.go:462.67,469.2 1 0
goshop/app/goods/srv/internal/controller/v1/goods.go:471.94,472.21 1 0
goshop/app/goods/srv/internal/controller/v1/goods.go:472.21,474.3 1 0
goshop/app/goods/srv/internal/controller/v1/goods.go:475.2,479.3 1 0
goshop/app/goods/srv/internal/controller/v1/goods.go:482.93,488.2 1 0
goshop/app/goods/srv/internal/data/v1/db/banner.go:21.48,26.2 2 0
goshop/app/goods/srv/internal/data/v1/db/banner.go:28.109,30.24 2 0
goshop/app/goods/srv/internal/data/v1/db/banner.go:30.24,32.3 1 0
goshop/app/goods/srv/internal/data/v1/db/banner.go:34.2,35.64 2 0
goshop/app/goods/srv/internal/data/v1/db/banner.go:35.64,37.3 1 0
goshop/app/goods/srv/internal/data/v1/db/banner.go:39.2,41.24 3 0
goshop/app/goods/srv/internal/data/v1/db/banner.go:41.24,43.3 1 0
goshop/app/goods/srv/internal/data/v1/db/banner.go:44.2,44.19 1 0
goshop/app/goods/srv/internal/data/v1/db/banner.go:44.19,46.3 1 0
goshop/app/goods/srv/internal/data/v1/db/banner.go:47.2,48.21 2 0
goshop/app/goods/srv/internal/data/v1/db/banner.go:48.21,50.3 1 0
goshop/app/goods/srv/internal/data/v1/db/banner.go:51.2,51.17 1 0
goshop/app/goods/srv/internal/data/v1/db/banner.go:54.88,55.19 1 0
goshop/app/goods/srv/internal/data/v1/db/banner.go:55.19,57.3 1 0
goshop/app/goods/srv/internal/data/v1/db/banner.go:59.2,60.16 2 0
goshop/app/goods/srv/internal/data/v1/db/banner.go:60.16,62.3 1 0
goshop/app/goods/srv/internal/data/v1/db/banner.go:63.2,63.65 1 0
goshop/app/goods/srv/internal/data/v1/db/banner.go:63.65,65.3 1 0
goshop/app/goods/srv/internal/data/v1/db/banner.go:66.2,66.12 1 0
goshop/app/goods/srv/internal/data/v1/db/banner.go:69.88,70.37 1 0
goshop/app/goods/srv/internal/data/v1/db/banner.go:70.37,72.3 1 0
goshop/app/goods/srv/internal/data/v1/db/banner.go:74.2,75.16 2 0
goshop/app/goods/srv/internal/data/v1/db/banner.go:75.16,77.3 1 0
goshop/app/goods/srv/internal/data/v1/db/banner.go:78.2,85.21 2 0
goshop/app/goods/srv/internal/data/v1/db/banner.go:85.21,87.3 1 0
goshop/app/goods/srv/internal/data/v1/db/banner.go:88.2,88.26 1 0
goshop/app/goods/srv/internal/data/v1/db/banner.go:88.26,90.17 2 0
goshop/app/goods/srv/internal/data/v1/db/banner.go:90.17,92.4 1 0
goshop/app/goods/srv/internal/data/v1/db/banner.go:93.3,93.14 1 0
goshop/app/goods/srv/internal/data/v1/db/banner.go:93.14,95.4 1 0
goshop/app/goods/srv/internal/data/v1/db/banner.go:97.2,97.12 1 0
goshop/app/goods/srv/internal/data/v1/db/banner.go:100.64,101.13 1 0
goshop/app/goods/srv/internal/data/v1/db/banner.go:101.13,103.3 1 0
goshop/app/goods/srv/internal/data/v1/db/banner.go:105.2,106.21 2 0
goshop/app/goods/srv/internal/data/v1/db/banner.go:106.21,108.3 1 0
goshop/app/goods/srv/internal/data/v1/db/banner.go:109.2,109.26 1 0
goshop/app/goods/srv/internal/data/v1/db/banner.go:109.26,111.3 1 0
goshop/app/goods/srv/internal/data/v1/db/banner.go:112.2,112.12 1 0
goshop/app/goods/srv/internal/data/v1/db/banner.go:117.72,120.16 3 0
goshop/app/goods/srv/internal/data/v1/db/banner.go:120.16,121.45 1 0
goshop/app/goods/srv/internal/data/v1/db/banner.go:121.45,123.4 1 0
goshop/app/goods/srv/internal/data/v1/db/banner.go:124.3,124.64 1 0
goshop/app/goods/srv/internal/data/v1/db/banner.go:126.2,126.18 1 0
goshop/app/goods/srv/internal/data/v1/db/brand.go:21.47,26.2 2 0
goshop/app/goods/srv/internal/data/v1/db/brand.go:34.76,35.13 1 0
goshop/app/goods/srv/internal/data/v1/db/brand.go:35.13,37.3 1 0
goshop/app/goods/srv/internal/data/v1/db/brand.go:39.2,41.16 3 0
goshop/app/goods/srv/internal/data/v1/db/brand.go:41.16,42.45 1 0
goshop/app/goods/srv/internal/data/v1/db/brand.go:42.45,44.4 1 0
goshop/app/goods/srv/internal/data/v1/db/brand.go:45.3,45.62 1 0
goshop/app/goods/srv/internal/data/v1/db/brand.go:47.2,47.19 1 0
goshop/app/goods/srv/internal/data/v1/db/brand.go:50.110,52.24 2 0
goshop/app/goods/srv/internal/data/v1/db/brand.go:52.24,54.3 1 0
goshop/app/goods/srv/internal/data/v1/db/brand.go:56.2,57.64 2 0
goshop/app/goods/srv/internal/data/v1/db/brand.go:57.64,59.3 1 0
goshop/app/goods/srv/internal/data/v1/db/brand.go:61.2,64.24 3 0
goshop/app/goods/srv/internal/data/v1/db/brand.go:64.24,66.3 1 0
goshop/app/goods/srv/internal/data/v1/db/brand.go:67.2,67.19 1 0
goshop/app/goods/srv/internal/data/v1/db/brand.go:67.19,69.3 1 0
goshop/app/goods/srv/internal/data/v1/db/brand.go:70.2,71.21 2 0
goshop/app/goods/srv/internal/data/v1/db/brand.go:71.21,73.3 1 0
goshop/app/goods/srv/internal/data/v1/db/brand.go:74.2,74.17 1 0
goshop/app/goods/srv/internal/data/v1/db/brand.go:77.87,78.19 1 0
goshop/app/goods/srv/internal/data/v1/db/brand.go:78.19,80.3 1 0
goshop/app/goods/srv/internal/data/v1/db/brand.go:82.2,83.16 2 0
goshop/app/goods/srv/internal/data/v1/db/brand.go:83.16,85.3 1 0
goshop/app/goods/srv/internal/data/v1/db/brand.go:86.2,86.65 1 0
goshop/app/goods/srv/internal/data/v1/db/brand.go:86.65,88.3 1 0
goshop/app/goods/srv/internal/data/v1/db/brand.go:89.2,89.12 1 0
goshop/app/goods/srv/internal/data/v1/db/brand.go:92.87,93.37 1 0
goshop/app/goods/srv/internal/data/v1/db/brand.go:93.37,95.3 1 0
goshop/app/goods/srv/internal/data/v1/db/brand.go:97.2,98.16 2 0
goshop/app/goods/srv/internal/data/v1/db/brand.go:98.16,100.3 1 0
goshop/app/goods/srv/internal/data/v1/db/brand.go:101.2,107.21 2 0
goshop/app/goods/srv/internal/data/v1/db/brand.go:107.21,109.3 1 0
goshop/app/goods/srv/internal/data/v1/db/brand.go:110.2,110.26 1 0
goshop/app/goods/srv/internal/data/v1/db/brand.go:110.26,111.58 1 0
goshop/app/goods/srv/internal/data/v1/db/brand.go:111.58,113.4 1 0
goshop/app/goods/srv/internal/data/v1/db/brand.go:115.2,115.12 1 0
goshop/app/goods/srv/internal/data/v1/db/brand.go:118.63,119.13 1 0
goshop/app/goods/srv/internal/data/v1/db/brand.go:119.13,121.3 1 0
goshop/app/goods/srv/internal/data/v1/db/brand.go:123.2,124.21 2 0
goshop/app/goods/srv/internal/data/v1/db/brand.go:124.21,126.3 1 0
goshop/app/goods/srv/internal/data/v1/db/brand.go:127.2,127.26 1 0
goshop/app/goods/srv/internal/data/v1/db/brand.go:127.26,129.3 1 0
goshop/app/goods/srv/internal/data/v1/db/brand.go:130.2,130.12 1 0
goshop/app/goods/srv/internal/data/v1/db/category.go:19.54,24.2 2 0
goshop/app/goods/srv/internal/data/v1/db/category.go:32.82,33.13 1 0
goshop/app/goods/srv/internal/data/v1/db/category.go:33.13,35.3 1 0
goshop/app/goods/srv/internal/data/v1/db/category.go:37.2,40.16 3 0
goshop/app/goods/srv/internal/data/v1/db/category.go:40.16,41.45 1 0
goshop/app/goods/srv/internal/data/v1/db/category.go:41.45,43.4 1 0
goshop/app/goods/srv/internal/data/v1/db/category.go:44.3,44.62 1 0
goshop/app/goods/srv/internal/data/v1/db/category.go:46.2,46.22 1 0
goshop/app/goods/srv/internal/data/v1/db/category.go:49.97,52.64 3 0
goshop/app/goods/srv/internal/data/v1/db/category.go:52.64,54.3 1 0
goshop/app/goods/srv/internal/data/v1/db/category.go:56.2,59.88 3 0
goshop/app/goods/srv/internal/data/v1/db/category.go:59.88,61.3 1 0
goshop/app/goods/srv/internal/data/v1/db/category.go:62.2,62.17 1 0
goshop/app/goods/srv/internal/data/v1/db/category.go:65.81,66.21 1 0
goshop/app/goods/srv/internal/data/v1/db/category.go:66.21,68.3 1 0
goshop/app/goods/srv/internal/data/v1/db/category.go:70.2,71.21 2 0
goshop/app/goods/srv/internal/data/v1/db/category.go:71.21,73.3 1 0
goshop/app/goods/srv/internal/data/v1/db/category.go:74.2,74.12 1 0
goshop/app/goods/srv/internal/data/v1/db/category.go:77.81,78.41 1 0
goshop/app/goods/srv/internal/data/v1/db/category.go:78.41,80.3 1 0
goshop/app/goods/srv/internal/data/v1/db/category.go:82.2,90.21 2 0
goshop/app/goods/srv/internal/data/v1/db/category.go:90.21,92.3 1 0
goshop/app/goods/srv/internal/data/v1/db/category.go:93.2,93.26 1 0
goshop/app/goods/srv/internal/data/v1/db/category.go:93.26,94.60 1 0
goshop/app/goods/srv/internal/data/v1/db/category.go:94.60,96.4 1 0
goshop/app/goods/srv/internal/data/v1/db/category.go:98.2,98.12 1 0
goshop/app/goods/srv/internal/data/v1/db/category.go:101.67,102.13 1 0
goshop/app/goods/srv/internal/data/v1/db/category.go:102.13,104.3 1 0
goshop/app/goods/srv/internal/data/v1/db/category.go:106.2,107.21 2 0
goshop/app/goods/srv/internal/data/v1/db/category.go:107.21,109.3 1 0
goshop/app/goods/srv/internal/data/v1/db/category.go:110.2,110.26 1 0
goshop/app/goods/srv/internal/data/v1/db/category.go:110.26,112.3 1 0
goshop/app/goods/srv/internal/data/v1/db/category.go:113.2,113.12 1 0
goshop/app/goods/srv/internal/data/v1/db/category_brand.go:21.63,23.2 1 0
goshop/app/goods/srv/internal/data/v1/db/category_brand.go:25.129,27.24 2 0
goshop/app/goods/srv/internal/data/v1/db/category_brand.go:27.24,29.3 1 0
goshop/app/goods/srv/internal/data/v1/db/category_brand.go:31.2,32.64 2 0
goshop/app/goods/srv/internal/data/v1/db/category_brand.go:32.64,34.3 1 0
goshop/app/goods/srv/internal/data/v1/db/category_brand.go:36.2,38.24 3 0
goshop/app/goods/srv/internal/data/v1/db/category_brand.go:38.24,40.3 1 0
goshop/app/goods/srv/internal/data/v1/db/category_brand.go:41.2,41.19 1 0
goshop/app/goods/srv/internal/data/v1/db/category_brand.go:41.19,43.3 1 0
goshop/app/goods/srv/internal/data/v1/db/category_brand.go:44.2,45.21 2 0
goshop/app/goods/srv/internal/data/v1/db/category_brand.go:45.21,47.3 1 0
goshop/app/goods/srv/internal/data/v1/db/category_brand.go:48.2,48.17 1 0
goshop/app/goods/srv/internal/data/v1/db/category_brand.go:51.136,53.21 2 0
goshop/app/goods/srv/internal/data/v1/db/category_brand.go:53.21,55.3 1 0
goshop/app/goods/srv/internal/data/v1/db/category_brand.go:57.2,58.64 2 0
goshop/app/goods/srv/internal/data/v1/db/category_brand.go:58.64,60.3 1 0
goshop/app/goods/srv/internal/data/v1/db/category_brand.go:62.2,68.21 4 0
goshop/app/goods/srv/internal/data/v1/db/category_brand.go:68.21,70.3 1 0
goshop/app/goods/srv/internal/data/v1/db/category_brand.go:71.2,71.17 1 0
goshop/app/goods/srv/internal/data/v1/db/category_brand.go:74.92,75.18 1 0
goshop/app/goods/srv/internal/data/v1/db/category_brand.go:75.18,77.3 1 0
goshop/app/goods/srv/internal/data/v1/db/category_brand.go:79.2,83.16 3 0
goshop/app/goods/srv/internal/data/v1/db/category_brand.go:83.16,85.3 1 0
goshop/app/goods/srv/internal/data/v1/db/category_brand.go:86.2,86.19 1 0
goshop/app/goods/srv/internal/data/v1/db/category_brand.go:89.105,90.16 1 0
goshop/app/goods/srv/internal/data/v1/db/category_brand.go:90.16,92.3 1 0
goshop/app/goods/srv/internal/data/v1/db/category_brand.go:94.2,95.16 2 0
goshop/app/goods/srv/internal/data/v1/db/category_brand.go:95.16,97.3 1 0
goshop/app/goods/srv/internal/data/v1/db/category_brand.go:98.2,98.62 1 0
goshop/app/goods/srv/internal/data/v1/db/category_brand.go:98.62,100.3 1 0
goshop/app/goods/srv/internal/data/v1/db/category_brand.go:101.2,101.12 1 0
goshop/app/goods/srv/internal/data/v1/db/category_brand.go:104.105,105.31 1 0
goshop/app/goods/srv/internal/data/v1/db/category_brand.go:105.31,107.3 1 0
goshop/app/goods/srv/internal/data/v1/db/category_brand.go:109.2,110.16 2 0
goshop/app/goods/srv/internal/data/v1/db/category_brand.go:110.16,112.3 1 0
goshop/app/goods/srv/internal/data/v1/db/category_brand.go:113.2,119.21 2 0
goshop/app/goods/srv/internal/data/v1/db/category_brand.go:119.21,121.3 1 0
goshop/app/goods/srv/internal/data/v1/db/category_brand.go:122.2,122.26 1 0
goshop/app/goods/srv/internal/data/v1/db/category_brand.go:122.26,124.17 2 0
goshop/app/goods/srv/internal/data/v1/db/category_brand.go:124.17,126.4 1 0
goshop/app/goods/srv/internal/data/v1/db/category_brand.go:127.3,127.14 1 0
goshop/app/goods/srv/internal/data/v1/db/category_brand.go:127.14,129.4 1 0
goshop/app/goods/srv/internal/data/v1/db/category_brand.go:131.2,131.12 1 0
goshop/app/goods/srv/internal/data/v1/db/category_brand.go:134.72,135.13 1 0
goshop/app/goods/srv/internal/data/v1/db/category_brand.go:135.13,137.3 1 0
goshop/app/goods/srv/internal/data/v1/db/category_brand.go:139.2,140.21 2 0
goshop/app/goods/srv/internal/data/v1/db/category_brand.go:140.21,142.3 1 0
goshop/app/goods/srv/internal/data/v1/db/category_brand.go:143.2,143.26 1 0
goshop/app/goods/srv/internal/data/v1/db/category_brand.go:143.26,145.3 1 0
goshop/app/goods/srv/internal/data/v1/db/category_brand.go:146.2,146.12 1 0
goshop/app/goods/srv/internal/data/v1/db/category_brand.go:151.80,154.16 3 0
goshop/app/goods/srv/internal/data/v1/db/category_brand.go:154.16,155.45 1 0
goshop/app/goods/srv/internal/data/v1/db/category_brand.go:155.45,157.4 1 0
goshop/app/goods/srv/internal/data/v1/db/category_brand.go:158.3,158.64 1 0
goshop/app/goods/srv/internal/data/v1/db/category_brand.go:160.2,160.18 1 0
goshop/app/goods/srv/internal/data/v1/db/goods.go:20.34,22.2 1 0
goshop/app/goods/srv/internal/data/v1/db/goods.go:24.45,29.2 2 0
goshop/app/goods/srv/internal/data/v1/db/goods.go:31.89,32.32 1 0
goshop/app/goods/srv/internal/data/v1/db/goods.go:32.32,34.3 1 0
goshop/app/goods/srv/internal/data/v1/db/goods.go:36.2,37.21 2 0
goshop/app/goods/srv/internal/data/v1/db/goods.go:37.21,39.3 1 0
goshop/app/goods/srv/internal/data/v1/db/goods.go:40.2,40.12 1 0
goshop/app/goods/srv/internal/data/v1/db/goods.go:43.89,44.49 1 0
goshop/app/goods/srv/internal/data/v1/db/goods.go:44.49,46.3 1 0
goshop/app/goods/srv/internal/data/v1/db/goods.go:48.2,51.21 2 0
goshop/app/goods/srv/internal/data/v1/db/goods.go:51.21,53.3 1 0
goshop/app/goods/srv/internal/data/v1/db/goods.go:54.2,54.26 1 0
goshop/app/goods/srv/internal/data/v1/db/goods.go:54.26,55.57 1 0
goshop/app/goods/srv/internal/data/v1/db/goods.go:55.57,57.4 1 0
goshop/app/goods/srv/internal/data/v1/db/goods.go:59.2,59.12 1 0
goshop/app/goods/srv/internal/data/v1/db/goods.go:62.81,63.27 1 0
goshop/app/goods/srv/internal/data/v1/db/goods.go:63.27,65.3 1 0
goshop/app/goods/srv/internal/data/v1/db/goods.go:67.2,68.21 2 0
goshop/app/goods/srv/internal/data/v1/db/goods.go:68.21,70.3 1 0
goshop/app/goods/srv/internal/data/v1/db/goods.go:71.2,71.26 1 0
goshop/app/goods/srv/internal/data/v1/db/goods.go:71.26,73.3 1 0
goshop/app/goods/srv/internal/data/v1/db/goods.go:74.2,74.12 1 0
goshop/app/goods/srv/internal/data/v1/db/goods.go:83.108,89.16 3 0
goshop/app/goods/srv/internal/data/v1/db/goods.go:89.16,91.3 1 0
goshop/app/goods/srv/internal/data/v1/db/goods.go:93.2,94.19 2 0
goshop/app/goods/srv/internal/data/v1/db/goods.go:94.19,96.3 1 0
goshop/app/goods/srv/internal/data/v1/db/goods.go:98.2,99.64 2 0
goshop/app/goods/srv/internal/data/v1/db/goods.go:99.64,101.3 1 0
goshop/app/goods/srv/internal/data/v1/db/goods.go:104.2,108.20 4 0
goshop/app/goods/srv/internal/data/v1/db/goods.go:108.20,110.3 1 0
goshop/app/goods/srv/internal/data/v1/db/goods.go:111.2,111.17 1 0
goshop/app/goods/srv/internal/data/v1/db/goods.go:114.74,115.13 1 0
goshop/app/goods/srv/internal/data/v1/db/goods.go:115.13,117.3 1 0
goshop/app/goods/srv/internal/data/v1/db/goods.go:119.2,121.16 3 0
goshop/app/goods/srv/internal/data/v1/db/goods.go:121.16,122.45 1 0
goshop/app/goods/srv/internal/data/v1/db/goods.go:122.45,124.4 1 0
goshop/app/goods/srv/internal/data/v1/db/goods.go:125.3,125.62 1 0
goshop/app/goods/srv/internal/data/v1/db/goods.go:127.2,127.18 1 0
goshop/app/goods/srv/internal/data/v1/db/goods.go:130.88,131.21 1 0
goshop/app/goods/srv/internal/data/v1/db/goods.go:131.21,133.3 1 0
goshop/app/goods/srv/internal/data/v1/db/goods.go:135.2,139.16 3 0
goshop/app/goods/srv/internal/data/v1/db/goods.go:139.16,141.3 1 0
goshop/app/goods/srv/internal/data/v1/db/goods.go:142.2,142.19 1 0
goshop/app/goods/srv/internal/data/v1/db/goods.go:145.82,146.18 1 0
goshop/app/goods/srv/internal/data/v1/db/goods.go:146.18,148.3 1 0
goshop/app/goods/srv/internal/data/v1/db/goods.go:150.2,154.16 3 0
goshop/app/goods/srv/internal/data/v1/db/goods.go:154.16,156.3 1 0
goshop/app/goods/srv/internal/data/v1/db/goods.go:157.2,157.19 1 0
goshop/app/goods/srv/internal/data/v1/db/goods.go:160.105,164.19 3 0
goshop/app/goods/srv/internal/data/v1/db/goods.go:164.19,166.3 1 0
goshop/app/goods/srv/internal/data/v1/db/goods.go:169.2,173.20 4 0
goshop/app/goods/srv/internal/data/v1/db/goods.go:173.20,175.3 1 0
goshop/app/goods/srv/internal/data/v1/db/goods.go:176.2,176.17 1 0
goshop/app/goods/srv/internal/data/v1/db/goods.go:179.70,180.18 1 0
goshop/app/goods/srv/internal/data/v1/db/goods.go:180.18,182.3 1 0
goshop/app/goods/srv/internal/data/v1/db/goods.go:184.2,185.21 2 0
goshop/app/goods/srv/internal/data/v1/db/goods.go:185.21,187.3 1 0
goshop/app/goods/srv/internal/data/v1/db/goods.go:188.2,188.12 1 0
goshop/app/goods/srv/internal/data/v1/db/goods.go:191.42,192.19 1 3
goshop/app/goods/srv/internal/data/v1/db/goods.go:192.19,194.3 1 1
goshop/app/goods/srv/internal/data/v1/db/goods.go:196.2,198.25 3 2
goshop/app/goods/srv/internal/data/v1/db/goods.go:198.25,199.14 1 9
goshop/app/goods/srv/internal/data/v1/db/goods.go:199.14,200.12 1 4
goshop/app/goods/srv/internal/data/v1/db/goods.go:202.3,202.28 1 5
goshop/app/goods/srv/internal/data/v1/db/goods.go:202.28,203.12 1 2
goshop/app/goods/srv/internal/data/v1/db/goods.go:205.3,206.38 2 3
goshop/app/goods/srv/internal/data/v1/db/goods.go:208.2,208.19 1 2
goshop/app/goods/srv/internal/data/v1/db/goods.go:211.70,212.35 1 0
goshop/app/goods/srv/internal/data/v1/db/goods.go:212.35,214.3 1 0
goshop/app/goods/srv/internal/data/v1/db/goods.go:216.2,219.21 2 0
goshop/app/goods/srv/internal/data/v1/db/goods.go:219.21,221.3 1 0
goshop/app/goods/srv/internal/data/v1/db/goods.go:222.2,222.26 1 0
goshop/app/goods/srv/internal/data/v1/db/goods.go:222.26,223.57 1 0
goshop/app/goods/srv/internal/data/v1/db/goods.go:223.57,225.4 1 0
goshop/app/goods/srv/internal/data/v1/db/goods.go:227.2,227.12 1 0
goshop/app/goods/srv/internal/data/v1/db/goods.go:230.62,231.13 1 0
goshop/app/goods/srv/internal/data/v1/db/goods.go:231.13,233.3 1 0
goshop/app/goods/srv/internal/data/v1/db/goods.go:235.2,236.21 2 0
goshop/app/goods/srv/internal/data/v1/db/goods.go:236.21,238.3 1 0
goshop/app/goods/srv/internal/data/v1/db/goods.go:239.2,239.26 1 0
goshop/app/goods/srv/internal/data/v1/db/goods.go:239.26,241.3 1 0
goshop/app/goods/srv/internal/data/v1/db/goods.go:242.2,242.12 1 0
goshop/app/goods/srv/internal/data/v1/db/goods.go:247.66,270.2 1 0
goshop/app/goods/srv/internal/data/v1/db/mysql.go:32.42,34.2 1 0
goshop/app/goods/srv/internal/data/v1/db/mysql.go:36.47,38.2 1 0
goshop/app/goods/srv/internal/data/v1/db/mysql.go:40.49,42.2 1 0
goshop/app/goods/srv/internal/data/v1/db/mysql.go:44.55,46.2 1 0
goshop/app/goods/srv/internal/data/v1/db/mysql.go:48.49,50.2 1 0
goshop/app/goods/srv/internal/data/v1/db/mysql.go:52.50,54.2 1 0
goshop/app/goods/srv/internal/data/v1/db/mysql.go:56.68,58.2 1 0
goshop/app/goods/srv/internal/data/v1/db/mysql.go:65.78,66.42 1 0
goshop/app/goods/srv/internal/data/v1/db/mysql.go:66.42,68.3 1 0
goshop/app/goods/srv/internal/data/v1/db/mysql.go:70.2,71.17 2 0
goshop/app/goods/srv/internal/data/v1/db/mysql.go:71.17,92.17 4 0
goshop/app/goods/srv/internal/data/v1/db/mysql.go:92.17,95.4 2 0
goshop/app/goods/srv/internal/data/v1/db/mysql.go:96.3,96.82 1 0
goshop/app/goods/srv/internal/data/v1/db/mysql.go:96.82,99.4 2 0
goshop/app/goods/srv/internal/data/v1/db/mysql.go:101.3,102.19 2 0
goshop/app/goods/srv/internal/data/v1/db/mysql.go:102.19,105.4 2 0
goshop/app/goods/srv/internal/data/v1/db/mysql.go:106.3,113.48 5 0
goshop/app/goods/srv/internal/data/v1/db/mysql.go:113.48,118.4 4 0
goshop/app/goods/srv/internal/data/v1/db/mysql.go:121.2,121.40 1 0
goshop/app/goods/srv/internal/data/v1/db/mysql.go:121.40,123.3 1 0
goshop/app/goods/srv/internal/data/v1/db/mysql.go:124.2,124.23 1 0
goshop/app/goods/srv/internal/data/v1/db/mysql.go:133.45,134.15 1 1
goshop/app/goods/srv/internal/data/v1/db/mysql.go:134.15,136.3 1 1
goshop/app/goods/srv/internal/data/v1/db/mysql.go:138.2,138.44 1 0
goshop/app/goods/srv/internal/data/v1/db/mysql.go:138.44,139.43 1 0
goshop/app/goods/srv/internal/data/v1/db/mysql.go:139.43,141.4 1 0
goshop/app/goods/srv/internal/data/v1/db/mysql.go:142.3,142.41 1 0
goshop/app/goods/srv/internal/data/v1/db/mysql.go:142.41,143.53 1 0
goshop/app/goods/srv/internal/data/v1/db/mysql.go:143.53,145.5 1 0
goshop/app/goods/srv/internal/data/v1/db/mysql.go:147.3,147.42 1 0
goshop/app/goods/srv/internal/data/v1/db/mysql.go:147.42,148.52 1 0
goshop/app/goods/srv/internal/data/v1/db/mysql.go:148.52,150.5 1 0
goshop/app/goods/srv/internal/data/v1/db/mysql.go:154.2,154.12 1 0
goshop/app/goods/srv/internal/data/v1/db/mysql.go:157.45,195.2 1 2
goshop/app/goods/srv/internal/data/v1/db/order_by.go:53.96,54.32 1 0
goshop/app/goods/srv/internal/data/v1/db/order_by.go:54.32,56.10 2 0
goshop/app/goods/srv/internal/data/v1/db/order_by.go:56.10,57.12 1 0
goshop/app/goods/srv/internal/data/v1/db/order_by.go:59.3,62.5 1 0
goshop/app/goods/srv/internal/data/v1/db/order_by.go:64.2,64.14 1 0
goshop/app/goods/srv/internal/data/v1/db/order_by.go:67.88,69.17 2 7
goshop/app/goods/srv/internal/data/v1/db/order_by.go:69.17,71.3 1 1
goshop/app/goods/srv/internal/data/v1/db/order_by.go:73.2,74.39 2 6
goshop/app/goods/srv/internal/data/v1/db/order_by.go:74.39,76.3 1 1
goshop/app/goods/srv/internal/data/v1/db/order_by.go:78.2,79.9 2 5
goshop/app/goods/srv/internal/data/v1/db/order_by.go:79.9,81.3 1 1
goshop/app/goods/srv/internal/data/v1/db/order_by.go:83.2,83.21 1 4
goshop/app/goods/srv/internal/data/v1/db/order_by.go:83.21,85.3 1 0
goshop/app/goods/srv/internal/data/v1/db/order_by.go:87.2,87.35 1 4
goshop/app/goods/srv/internal/data/v1/db/order_by.go:88.13,89.29 1 2
goshop/app/goods/srv/internal/data/v1/db/order_by.go:90.14,91.28 1 1
goshop/app/goods/srv/internal/data/v1/db/order_by.go:92.10,93.26 1 1
goshop/app/goods/srv/internal/data/v1/db/outbox.go:20.47,22.2 1 0
goshop/app/goods/srv/internal/data/v1/db/outbox.go:24.96,25.32 1 0
goshop/app/goods/srv/internal/data/v1/db/outbox.go:25.32,27.3 1 0
goshop/app/goods/srv/internal/data/v1/db/outbox.go:28.2,28.65 1 0
goshop/app/goods/srv/internal/data/v1/db/outbox.go:28.65,30.3 1 0
goshop/app/goods/srv/internal/data/v1/db/outbox.go:31.2,31.12 1 0
goshop/app/goods/srv/internal/data/v1/db/outbox.go:34.121,35.16 1 0
goshop/app/goods/srv/internal/data/v1/db/outbox.go:35.16,37.3 1 0
goshop/app/goods/srv/internal/data/v1/db/outbox.go:39.2,40.67 2 0
goshop/app/goods/srv/internal/data/v1/db/outbox.go:40.67,45.36 1 0
goshop/app/goods/srv/internal/data/v1/db/outbox.go:45.36,47.4 1 0
goshop/app/goods/srv/internal/data/v1/db/outbox.go:48.3,48.23 1 0
goshop/app/goods/srv/internal/data/v1/db/outbox.go:48.23,50.4 1 0
goshop/app/goods/srv/internal/data/v1/db/outbox.go:52.3,53.32 2 0
goshop/app/goods/srv/internal/data/v1/db/outbox.go:53.32,54.20 1 0
goshop/app/goods/srv/internal/data/v1/db/outbox.go:54.20,55.13 1 0
goshop/app/goods/srv/internal/data/v1/db/outbox.go:57.4,57.31 1 0
goshop/app/goods/srv/internal/data/v1/db/outbox.go:59.3,59.20 1 0
goshop/app/goods/srv/internal/data/v1/db/outbox.go:59.20,62.4 2 0
goshop/app/goods/srv/internal/data/v1/db/outbox.go:64.3,70.25 1 0
goshop/app/goods/srv/internal/data/v1/db/outbox.go:70.25,72.4 1 0
goshop/app/goods/srv/internal/data/v1/db/outbox.go:73.3,73.13 1 0
goshop/app/goods/srv/internal/data/v1/db/outbox.go:75.2,75.16 1 0
goshop/app/goods/srv/internal/data/v1/db/outbox.go:75.16,77.3 1 0
goshop/app/goods/srv/internal/data/v1/db/outbox.go:78.2,78.20 1 0
goshop/app/goods/srv/internal/data/v1/db/outbox.go:81.114,82.16 1 0
goshop/app/goods/srv/internal/data/v1/db/outbox.go:82.16,84.3 1 0
goshop/app/goods/srv/internal/data/v1/db/outbox.go:86.2,88.36 3 0
goshop/app/goods/srv/internal/data/v1/db/outbox.go:88.36,90.3 1 0
goshop/app/goods/srv/internal/data/v1/db/outbox.go:91.2,91.37 1 0
goshop/app/goods/srv/internal/data/v1/db/outbox.go:91.37,93.3 1 0
goshop/app/goods/srv/internal/data/v1/db/outbox.go:94.2,94.50 1 0
goshop/app/goods/srv/internal/data/v1/db/outbox.go:94.50,96.3 1 0
goshop/app/goods/srv/internal/data/v1/db/outbox.go:97.2,97.20 1 0
goshop/app/goods/srv/internal/data/v1/db/outbox.go:100.90,102.36 2 0
goshop/app/goods/srv/internal/data/v1/db/outbox.go:102.36,104.3 1 0
goshop/app/goods/srv/internal/data/v1/db/outbox.go:105.2,105.37 1 0
goshop/app/goods/srv/internal/data/v1/db/outbox.go:105.37,107.3 1 0
goshop/app/goods/srv/internal/data/v1/db/outbox.go:108.2,109.50 2 0
goshop/app/goods/srv/internal/data/v1/db/outbox.go:109.50,111.3 1 0
goshop/app/goods/srv/internal/data/v1/db/outbox.go:112.2,112.19 1 0
goshop/app/goods/srv/internal/data/v1/db/outbox.go:115.102,119.25 2 0
goshop/app/goods/srv/internal/data/v1/db/outbox.go:119.25,121.3 1 0
goshop/app/goods/srv/internal/data/v1/db/outbox.go:122.2,122.33 1 0
goshop/app/goods/srv/internal/data/v1/db/outbox.go:125.64,132.2 1 0
goshop/app/goods/srv/internal/data/v1/db/outbox.go:134.122,143.2 1 0
goshop/app/goods/srv/internal/data/v1/db/outbox.go:145.100,153.2 1 0
goshop/app/goods/srv/internal/data/v1/db/outbox.go:155.68,161.2 1 0
goshop/app/goods/srv/internal/data/v1/db/outbox.go:163.100,164.13 1 0
goshop/app/goods/srv/internal/data/v1/db/outbox.go:164.13,166.3 1 0
goshop/app/goods/srv/internal/data/v1/db/outbox.go:167.2,170.38 1 0
goshop/app/goods/srv/internal/data/v1/db/outbox.go:170.38,172.3 1 0
goshop/app/goods/srv/internal/data/v1/db/outbox.go:173.2,173.12 1 0
goshop/app/goods/srv/internal/data/v1/db/outbox.go:176.37,178.23 2 0
goshop/app/goods/srv/internal/data/v1/db/outbox.go:178.23,180.3 1 0
goshop/app/goods/srv/internal/data/v1/db/outbox.go:181.2,181.20 1 0
goshop/app/goods/srv/internal/data_search/v1/es/es.go:22.47,24.2 1 0
goshop/app/goods/srv/internal/data_search/v1/es/es.go:26.76,27.41 1 0
goshop/app/goods/srv/internal/data_search/v1/es/es.go:27.41,29.3 1 0
goshop/app/goods/srv/internal/data_search/v1/es/es.go:31.2,31.17 1 0
goshop/app/goods/srv/internal/data_search/v1/es/es.go:31.17,44.17 3 0
goshop/app/goods/srv/internal/data_search/v1/es/es.go:44.17,46.4 1 0
goshop/app/goods/srv/internal/data_search/v1/es/es.go:47.3,47.52 1 0
goshop/app/goods/srv/internal/data_search/v1/es/es.go:49.2,49.26 1 0
goshop/app/goods/srv/internal/data_search/v1/es/es.go:49.26,51.3 1 0
goshop/app/goods/srv/internal/data_search/v1/es/es.go:52.2,52.27 1 0
goshop/app/goods/srv/internal/data_search/v1/es/goods.go:21.40,23.2 1 0
goshop/app/goods/srv/internal/data_search/v1/es/goods.go:25.48,27.2 1 0
goshop/app/goods/srv/internal/data_search/v1/es/goods.go:29.76,30.35 1 2
goshop/app/goods/srv/internal/data_search/v1/es/goods.go:30.35,32.3 1 2
goshop/app/goods/srv/internal/data_search/v1/es/goods.go:34.2,39.12 2 0
goshop/app/goods/srv/internal/data_search/v1/es/goods.go:42.62,43.13 1 1
goshop/app/goods/srv/internal/data_search/v1/es/goods.go:43.13,45.3 1 1
goshop/app/goods/srv/internal/data_search/v1/es/goods.go:47.2,48.29 2 0
goshop/app/goods/srv/internal/data_search/v1/es/goods.go:48.29,50.3 1 0
goshop/app/goods/srv/internal/data_search/v1/es/goods.go:51.2,51.12 1 0
goshop/app/goods/srv/internal/data_search/v1/es/goods.go:54.76,55.35 1 2
goshop/app/goods/srv/internal/data_search/v1/es/goods.go:55.35,57.3 1 2
goshop/app/goods/srv/internal/data_search/v1/es/goods.go:59.2,59.29 1 0
goshop/app/goods/srv/internal/data_search/v1/es/goods.go:62.104,63.16 1 0
goshop/app/goods/srv/internal/data_search/v1/es/goods.go:63.16,65.3 1 0
goshop/app/goods/srv/internal/data_search/v1/es/goods.go:66.2,66.35 1 0
goshop/app/goods/srv/internal/data_search/v1/es/goods.go:66.35,68.3 1 0
goshop/app/goods/srv/internal/data_search/v1/es/goods.go:70.2,73.20 2 0
goshop/app/goods/srv/internal/data_search/v1/es/goods.go:73.20,75.3 1 0
goshop/app/goods/srv/internal/data_search/v1/es/goods.go:77.2,77.9 1 0
goshop/app/goods/srv/internal/data_search/v1/es/goods.go:78.29,79.24 1 0
goshop/app/goods/srv/internal/data_search/v1/es/goods.go:80.28,81.23 1 0
goshop/app/goods/srv/internal/data_search/v1/es/goods.go:84.2,89.16 2 0
goshop/app/goods/srv/internal/data_search/v1/es/goods.go:89.16,91.3 1 0
goshop/app/goods/srv/internal/data_search/v1/es/goods.go:93.2,95.38 3 0
goshop/app/goods/srv/internal/data_search/v1/es/goods.go:95.38,98.17 3 0
goshop/app/goods/srv/internal/data_search/v1/es/goods.go:98.17,100.4 1 0
goshop/app/goods/srv/internal/data_search/v1/es/goods.go:101.3,101.40 1 0
goshop/app/goods/srv/internal/data_search/v1/es/goods.go:103.2,103.18 1 0
goshop/app/goods/srv/internal/data_search/v1/es/goods.go:106.75,108.25 2 1
goshop/app/goods/srv/internal/data_search/v1/es/goods.go:108.25,110.3 1 1
goshop/app/goods/srv/internal/data_search/v1/es/goods.go:111.2,111.23 1 1
goshop/app/goods/srv/internal/data_search/v1/es/goods.go:111.23,113.3 1 1
goshop/app/goods/srv/internal/data_search/v1/es/goods.go:114.2,114.23 1 1
goshop/app/goods/srv/internal/data_search/v1/es/goods.go:114.23,116.3 1 1
goshop/app/goods/srv/internal/data_search/v1/es/goods.go:117.2,117.24 1 1
goshop/app/goods/srv/internal/data_search/v1/es/goods.go:117.24,119.3 1 0
goshop/app/goods/srv/internal/data_search/v1/es/goods.go:120.2,120.15 1 1
goshop/app/goods/srv/internal/data_search/v1/es/goods.go:120.15,122.3 1 0
goshop/app/goods/srv/internal/data_search/v1/es/goods.go:123.2,123.15 1 1
goshop/app/goods/srv/internal/data_search/v1/es/goods.go:123.15,125.3 1 0
goshop/app/goods/srv/internal/data_search/v1/es/goods.go:127.2,127.25 1 1
goshop/app/goods/srv/internal/data_search/v1/es/goods.go:127.25,129.3 1 0
goshop/app/goods/srv/internal/data_search/v1/es/goods.go:130.2,130.25 1 1
goshop/app/goods/srv/internal/data_search/v1/es/goods.go:130.25,132.3 1 0
goshop/app/goods/srv/internal/data_search/v1/es/goods.go:134.2,134.19 1 1
goshop/app/goods/srv/internal/data_search/v1/es/goods.go:134.19,136.3 1 0
goshop/app/goods/srv/internal/data_search/v1/es/goods.go:138.2,138.25 1 1
goshop/app/goods/srv/internal/data_search/v1/es/goods.go:138.25,140.3 1 0
goshop/app/goods/srv/internal/data_search/v1/es/goods.go:142.2,142.10 1 1
goshop/app/goods/srv/internal/service/v1/goods.go:50.43,55.2 1 0
goshop/app/goods/srv/internal/service/v1/goods.go:57.47,58.36 1 2
goshop/app/goods/srv/internal/service/v1/goods.go:58.36,60.3 1 2
goshop/app/goods/srv/internal/service/v1/goods.go:61.2,61.37 1 0
goshop/app/goods/srv/internal/service/v1/goods.go:65.52,67.41 2 0
goshop/app/goods/srv/internal/service/v1/goods.go:67.41,69.3 1 0
goshop/app/goods/srv/internal/service/v1/goods.go:70.2,71.45 2 0
goshop/app/goods/srv/internal/service/v1/goods.go:71.45,74.3 2 0
goshop/app/goods/srv/internal/service/v1/goods.go:75.2,75.12 1 0
goshop/app/goods/srv/internal/service/v1/goods.go:78.149,79.16 1 3
goshop/app/goods/srv/internal/service/v1/goods.go:79.16,81.3 1 1
goshop/app/goods/srv/internal/service/v1/goods.go:83.2,86.25 2 3
goshop/app/goods/srv/internal/service/v1/goods.go:86.25,88.17 2 0
goshop/app/goods/srv/internal/service/v1/goods.go:88.17,91.4 2 0
goshop/app/goods/srv/internal/service/v1/goods.go:93.3,94.47 2 0
goshop/app/goods/srv/internal/service/v1/goods.go:94.47,96.4 1 0
goshop/app/goods/srv/internal/service/v1/goods.go:97.3,97.30 1 0
goshop/app/goods/srv/internal/service/v1/goods.go:100.2,101.16 2 3
goshop/app/goods/srv/internal/service/v1/goods.go:101.16,104.3 2 0
goshop/app/goods/srv/internal/service/v1/goods.go:105.2,105.22 1 3
goshop/app/goods/srv/internal/service/v1/goods.go:105.22,107.3 1 1
goshop/app/goods/srv/internal/service/v1/goods.go:109.2,112.40 3 2
goshop/app/goods/srv/internal/service/v1/goods.go:112.40,114.3 1 1
goshop/app/goods/srv/internal/service/v1/goods.go:117.2,118.16 2 2
goshop/app/goods/srv/internal/service/v1/goods.go:118.16,121.3 2 0
goshop/app/goods/srv/internal/service/v1/goods.go:122.2,124.18 3 2
goshop/app/goods/srv/internal/service/v1/goods.go:124.18,126.3 1 1
goshop/app/goods/srv/internal/service/v1/goods.go:127.2,127.36 1 1
goshop/app/goods/srv/internal/service/v1/goods.go:127.36,128.19 1 0
goshop/app/goods/srv/internal/service/v1/goods.go:128.19,129.12 1 0
goshop/app/goods/srv/internal/service/v1/goods.go:131.3,133.5 1 0
goshop/app/goods/srv/internal/service/v1/goods.go:135.2,135.18 1 1
goshop/app/goods/srv/internal/service/v1/goods.go:138.84,139.13 1 1
goshop/app/goods/srv/internal/service/v1/goods.go:139.13,141.3 1 1
goshop/app/goods/srv/internal/service/v1/goods.go:143.2,144.16 2 0
goshop/app/goods/srv/internal/service/v1/goods.go:144.16,147.3 2 0
goshop/app/goods/srv/internal/service/v1/goods.go:148.2,150.8 1 0
goshop/app/goods/srv/internal/service/v1/goods.go:153.63,172.2 1 1
goshop/app/goods/srv/internal/service/v1/goods.go:174.86,178.60 1 6
goshop/app/goods/srv/internal/service/v1/goods.go:178.60,180.3 1 5
goshop/app/goods/srv/internal/service/v1/goods.go:182.2,183.16 2 1
goshop/app/goods/srv/internal/service/v1/goods.go:183.16,185.3 1 0
goshop/app/goods/srv/internal/service/v1/goods.go:187.2,188.16 2 1
goshop/app/goods/srv/internal/service/v1/goods.go:188.16,190.3 1 0
goshop/app/goods/srv/internal/service/v1/goods.go:196.2,196.88 1 1
goshop/app/goods/srv/internal/service/v1/goods.go:196.88,197.84 1 1
goshop/app/goods/srv/internal/service/v1/goods.go:197.84,200.4 2 0
goshop/app/goods/srv/internal/service/v1/goods.go:201.3,202.17 2 1
goshop/app/goods/srv/internal/service/v1/goods.go:202.17,204.4 1 0
goshop/app/goods/srv/internal/service/v1/goods.go:205.3,205.60 1 1
goshop/app/goods/srv/internal/service/v1/goods.go:209.86,210.59 1 4
goshop/app/goods/srv/internal/service/v1/goods.go:210.59,212.3 1 3
goshop/app/goods/srv/internal/service/v1/goods.go:214.2,214.70 1 1
goshop/app/goods/srv/internal/service/v1/goods.go:214.70,216.3 1 1
goshop/app/goods/srv/internal/service/v1/goods.go:218.2,219.16 2 0
goshop/app/goods/srv/internal/service/v1/goods.go:219.16,221.3 1 0
goshop/app/goods/srv/internal/service/v1/goods.go:223.2,224.16 2 0
goshop/app/goods/srv/internal/service/v1/goods.go:224.16,226.3 1 0
goshop/app/goods/srv/internal/service/v1/goods.go:228.2,228.88 1 0
goshop/app/goods/srv/internal/service/v1/goods.go:228.88,229.84 1 0
goshop/app/goods/srv/internal/service/v1/goods.go:229.84,231.4 1 0
goshop/app/goods/srv/internal/service/v1/goods.go:232.3,233.17 2 0
goshop/app/goods/srv/internal/service/v1/goods.go:233.17,235.4 1 0
goshop/app/goods/srv/internal/service/v1/goods.go:236.3,236.60 1 0
goshop/app/goods/srv/internal/service/v1/goods.go:240.76,241.13 1 2
goshop/app/goods/srv/internal/service/v1/goods.go:241.13,243.3 1 1
goshop/app/goods/srv/internal/service/v1/goods.go:244.2,244.56 1 1
goshop/app/goods/srv/internal/service/v1/goods.go:244.56,246.3 1 0
goshop/app/goods/srv/internal/service/v1/goods.go:248.2,248.88 1 1
goshop/app/goods/srv/internal/service/v1/goods.go:248.88,249.72 1 1
goshop/app/goods/srv/internal/service/v1/goods.go:249.72,251.4 1 0
goshop/app/goods/srv/internal/service/v1/goods.go:252.3,253.17 2 1
goshop/app/goods/srv/internal/service/v1/goods.go:253.17,255.4 1 0
goshop/app/goods/srv/internal/service/v1/goods.go:256.3,256.60 1 1
goshop/app/goods/srv/internal/service/v1/goods.go:260.94,265.28 4 0
goshop/app/goods/srv/internal/service/v1/goods.go:265.28,268.46 2 0
goshop/app/goods/srv/internal/service/v1/goods.go:268.46,274.4 5 0
goshop/app/goods/srv/internal/service/v1/goods.go:276.2,277.16 2 0
goshop/app/goods/srv/internal/service/v1/goods.go:277.16,279.3 1 0
goshop/app/goods/srv/internal/service/v1/goods.go:289.2,289.17 1 0
goshop/app/goods/srv/internal/service/v1/goods.go:294.71,295.18 1 10
goshop/app/goods/srv/internal/service/v1/goods.go:295.18,297.3 1 2
goshop/app/goods/srv/internal/service/v1/goods.go:298.2,298.32 1 8
goshop/app/goods/srv/internal/service/v1/goods.go:298.32,300.3 1 1
goshop/app/goods/srv/internal/service/v1/goods.go:302.2,306.25 5 7
goshop/app/goods/srv/internal/service/v1/goods.go:306.25,308.3 1 7
goshop/app/goods/srv/internal/service/v1/goods.go:309.2,309.25 1 7
goshop/app/goods/srv/internal/service/v1/goods.go:309.25,311.3 1 7
goshop/app/goods/srv/internal/service/v1/goods.go:312.2,315.50 3 7
goshop/app/goods/srv/internal/service/v1/goods.go:315.50,317.3 1 2
goshop/app/goods/srv/internal/service/v1/goods.go:318.2,318.45 1 5
goshop/app/goods/srv/internal/service/v1/goods.go:318.45,320.3 1 2
goshop/app/goods/srv/internal/service/v1/goods.go:321.2,321.56 1 3
goshop/app/goods/srv/internal/service/v1/goods.go:321.56,323.3 1 1
goshop/app/goods/srv/internal/service/v1/goods.go:324.2,324.12 1 2
goshop/app/goods/srv/internal/service/v1/goods_outbox.go:26.72,33.16 3 1
goshop/app/goods/srv/internal/service/v1/goods_outbox.go:33.16,35.3 1 0
goshop/app/goods/srv/internal/service/v1/goods_outbox.go:36.2,44.8 1 1
goshop/app/goods/srv/internal/service/v1/goods_outbox.go:47.64,52.16 2 1
goshop/app/goods/srv/internal/service/v1/goods_outbox.go:52.16,54.3 1 0
goshop/app/goods/srv/internal/service/v1/goods_outbox.go:55.2,63.8 1 1
goshop/app/goods/srv/internal/service/v1/goods_outbox.go:66.67,70.54 3 0
goshop/app/goods/srv/internal/service/v1/goods_outbox.go:70.54,72.3 1 0
goshop/app/goods/srv/internal/service/v1/goods_outbox.go:74.2,74.6 1 0
goshop/app/goods/srv/internal/service/v1/goods_outbox.go:74.6,75.10 1 0
goshop/app/goods/srv/internal/service/v1/goods_outbox.go:76.21,77.14 1 0
goshop/app/goods/srv/internal/service/v1/goods_outbox.go:78.19,79.56 1 0
goshop/app/goods/srv/internal/service/v1/goods_outbox.go:79.56,81.5 1 0
goshop/app/goods/srv/internal/service/v1/goods_outbox.go:86.69,87.54 1 0
goshop/app/goods/srv/internal/service/v1/goods_outbox.go:87.54,89.3 1 0
goshop/app/goods/srv/internal/service/v1/goods_outbox.go:90.2,91.24 2 0
goshop/app/goods/srv/internal/service/v1/goods_outbox.go:91.24,93.3 1 0
goshop/app/goods/srv/internal/service/v1/goods_outbox.go:94.2,95.24 2 0
goshop/app/goods/srv/internal/service/v1/goods_outbox.go:95.24,97.3 1 0
goshop/app/goods/srv/internal/service/v1/goods_outbox.go:99.2,101.16 3 0
goshop/app/goods/srv/internal/service/v1/goods_outbox.go:101.16,103.3 1 0
goshop/app/goods/srv/internal/service/v1/goods_outbox.go:104.2,104.18 1 0
goshop/app/goods/srv/internal/service/v1/goods_outbox.go:104.18,106.3 1 0
goshop/app/goods/srv/internal/service/v1/goods_outbox.go:107.2,107.68 1 0
goshop/app/goods/srv/internal/service/v1/goods_outbox.go:107.68,109.3 1 0
goshop/app/goods/srv/internal/service/v1/goods_outbox.go:110.2,111.16 2 0
goshop/app/goods/srv/internal/service/v1/goods_outbox.go:111.16,113.3 1 0
goshop/app/goods/srv/internal/service/v1/goods_outbox.go:114.2,114.31 1 0
goshop/app/goods/srv/internal/service/v1/goods_outbox.go:114.31,115.19 1 0
goshop/app/goods/srv/internal/service/v1/goods_outbox.go:115.19,116.12 1 0
goshop/app/goods/srv/internal/service/v1/goods_outbox.go:118.3,118.139 1 0
goshop/app/goods/srv/internal/service/v1/goods_outbox.go:118.139,120.18 2 0
goshop/app/goods/srv/internal/service/v1/goods_outbox.go:120.18,122.5 1 0
goshop/app/goods/srv/internal/service/v1/goods_outbox.go:123.4,124.22 2 0
goshop/app/goods/srv/internal/service/v1/goods_outbox.go:125.18,127.4 1 0
goshop/app/goods/srv/internal/service/v1/goods_outbox.go:129.2,129.12 1 0
goshop/app/goods/srv/internal/service/v1/goods_outbox.go:132.215,134.72 2 4
goshop/app/goods/srv/internal/service/v1/goods_outbox.go:134.72,136.3 1 0
goshop/app/goods/srv/internal/service/v1/goods_outbox.go:138.2,139.24 2 4
goshop/app/goods/srv/internal/service/v1/goods_outbox.go:140.29,141.80 1 3
goshop/app/goods/srv/internal/service/v1/goods_outbox.go:141.80,143.4 1 0
goshop/app/goods/srv/internal/service/v1/goods_outbox.go:143.9,145.49 2 3
goshop/app/goods/srv/internal/service/v1/goods_outbox.go:145.49,147.5 1 1
goshop/app/goods/srv/internal/service/v1/goods_outbox.go:148.4,148.25 1 3
goshop/app/goods/srv/internal/service/v1/goods_outbox.go:148.25,150.5 1 3
goshop/app/goods/srv/internal/service/v1/goods_outbox.go:152.29,153.22 1 1
goshop/app/goods/srv/internal/service/v1/goods_outbox.go:153.22,155.4 1 0
goshop/app/goods/srv/internal/service/v1/goods_outbox.go:155.9,157.4 1 1
goshop/app/goods/srv/internal/service/v1/goods_outbox.go:158.10,159.74 1 0
goshop/app/goods/srv/internal/service/v1/goods_outbox.go:161.2,161.23 1 4
goshop/app/goods/srv/internal/service/v1/goods_outbox.go:161.23,164.3 2 2
goshop/app/goods/srv/internal/service/v1/goods_outbox.go:166.2,167.39 2 2
goshop/app/goods/srv/internal/service/v1/goods_outbox.go:167.39,170.3 2 1
goshop/app/goods/srv/internal/service/v1/goods_outbox.go:172.2,174.90 3 1
goshop/app/goods/srv/internal/service/v1/goods_outbox.go:177.54,178.21 1 1
goshop/app/goods/srv/internal/service/v1/goods_outbox.go:178.21,180.3 1 0
goshop/app/goods/srv/internal/service/v1/goods_outbox.go:181.2,181.48 1 1
goshop/app/goods/srv/internal/service/v1/outbox_observability.go:18.85,19.106 1 0
goshop/app/goods/srv/internal/service/v1/outbox_observability.go:19.106,21.17 2 0
goshop/app/goods/srv/internal/service/v1/outbox_observability.go:21.17,23.4 1 0
goshop/app/goods/srv/internal/service/v1/outbox_observability.go:24.3,24.80 1 0
goshop/app/goods/srv/internal/service/v1/outbox_observability.go:26.2,26.12 1 0
goshop/app/goods/srv/internal/service/v1/resources.go:48.51,50.2 1 0
goshop/app/goods/srv/internal/service/v1/resources.go:52.102,54.2 1 0
goshop/app/goods/srv/internal/service/v1/resources.go:56.87,57.13 1 0
goshop/app/goods/srv/internal/service/v1/resources.go:57.13,59.3 1 0
goshop/app/goods/srv/internal/service/v1/resources.go:60.2,60.41 1 0
goshop/app/goods/srv/internal/service/v1/resources.go:63.104,64.58 1 0
goshop/app/goods/srv/internal/service/v1/resources.go:64.58,66.3 1 0
goshop/app/goods/srv/internal/service/v1/resources.go:67.2,67.35 1 0
goshop/app/goods/srv/internal/service/v1/resources.go:67.35,68.92 1 0
goshop/app/goods/srv/internal/service/v1/resources.go:68.92,70.4 1 0
goshop/app/goods/srv/internal/service/v1/resources.go:72.2,72.66 1 0
goshop/app/goods/srv/internal/service/v1/resources.go:72.66,74.3 1 0
goshop/app/goods/srv/internal/service/v1/resources.go:75.2,75.22 1 0
goshop/app/goods/srv/internal/service/v1/resources.go:78.86,79.57 1 0
goshop/app/goods/srv/internal/service/v1/resources.go:79.57,81.3 1 0
goshop/app/goods/srv/internal/service/v1/resources.go:82.2,82.77 1 0
goshop/app/goods/srv/internal/service/v1/resources.go:82.77,84.3 1 0
goshop/app/goods/srv/internal/service/v1/resources.go:85.2,85.35 1 0
goshop/app/goods/srv/internal/service/v1/resources.go:85.35,86.92 1 0
goshop/app/goods/srv/internal/service/v1/resources.go:86.92,88.4 1 0
goshop/app/goods/srv/internal/service/v1/resources.go:90.2,90.50 1 0
goshop/app/goods/srv/internal/service/v1/resources.go:93.72,94.13 1 3
goshop/app/goods/srv/internal/service/v1/resources.go:94.13,96.3 1 0
goshop/app/goods/srv/internal/service/v1/resources.go:97.2,98.16 2 3
goshop/app/goods/srv/internal/service/v1/resources.go:98.16,100.3 1 0
goshop/app/goods/srv/internal/service/v1/resources.go:101.2,101.35 1 3
goshop/app/goods/srv/internal/service/v1/resources.go:101.35,103.3 1 1
goshop/app/goods/srv/internal/service/v1/resources.go:104.2,105.16 2 2
goshop/app/goods/srv/internal/service/v1/resources.go:105.16,107.3 1 0
goshop/app/goods/srv/internal/service/v1/resources.go:108.2,108.20 1 2
goshop/app/goods/srv/internal/service/v1/resources.go:108.20,110.3 1 1
goshop/app/goods/srv/internal/service/v1/resources.go:111.2,112.16 2 1
goshop/app/goods/srv/internal/service/v1/resources.go:112.16,114.3 1 0
goshop/app/goods/srv/internal/service/v1/resources.go:115.2,115.30 1 1
goshop/app/goods/srv/internal/service/v1/resources.go:115.30,117.3 1 1
goshop/app/goods/srv/internal/service/v1/resources.go:118.2,118.44 1 0
goshop/app/goods/srv/internal/service/v1/resources.go:125.44,127.2 1 0
goshop/app/goods/srv/internal/service/v1/resources.go:129.116,131.2 1 0
goshop/app/goods/srv/internal/service/v1/resources.go:133.94,134.52 1 0
goshop/app/goods/srv/internal/service/v1/resources.go:134.52,136.3 1 0
goshop/app/goods/srv/internal/service/v1/resources.go:137.2,137.64 1 0
goshop/app/goods/srv/internal/service/v1/resources.go:137.64,139.3 1 0
goshop/app/goods/srv/internal/service/v1/resources.go:140.2,140.19 1 0
goshop/app/goods/srv/internal/service/v1/resources.go:143.78,144.51 1 0
goshop/app/goods/srv/internal/service/v1/resources.go:144.51,146.3 1 0
goshop/app/goods/srv/internal/service/v1/resources.go:147.2,147.70 1 0
goshop/app/goods/srv/internal/service/v1/resources.go:147.70,149.3 1 0
goshop/app/goods/srv/internal/service/v1/resources.go:150.2,150.48 1 0
goshop/app/goods/srv/internal/service/v1/resources.go:153.69,154.13 1 2
goshop/app/goods/srv/internal/service/v1/resources.go:154.13,156.3 1 0
goshop/app/goods/srv/internal/service/v1/resources.go:157.2,157.56 1 2
goshop/app/goods/srv/internal/service/v1/resources.go:157.56,159.3 1 0
goshop/app/goods/srv/internal/service/v1/resources.go:160.2,161.16 2 2
goshop/app/goods/srv/internal/service/v1/resources.go:161.16,163.3 1 0
goshop/app/goods/srv/internal/service/v1/resources.go:164.2,164.20 1 2
goshop/app/goods/srv/internal/service/v1/resources.go:164.20,166.3 1 1
goshop/app/goods/srv/internal/service/v1/resources.go:167.2,168.16 2 1
goshop/app/goods/srv/internal/service/v1/resources.go:168.16,170.3 1 0
goshop/app/goods/srv/internal/service/v1/resources.go:171.2,171.23 1 1
goshop/app/goods/srv/internal/service/v1/resources.go:171.23,173.3 1 1
goshop/app/goods/srv/internal/service/v1/resources.go:174.2,174.40 1 0
goshop/app/goods/srv/internal/service/v1/resources.go:181.46,183.2 1 0
goshop/app/goods/srv/internal/service/v1/resources.go:185.115,187.2 1 0
goshop/app/goods/srv/internal/service/v1/resources.go:189.96,190.54 1 0
goshop/app/goods/srv/internal/service/v1/resources.go:190.54,192.3 1 0
goshop/app/goods/srv/internal/service/v1/resources.go:193.2,193.66 1 0
goshop/app/goods/srv/internal/service/v1/resources.go:193.66,195.3 1 0
goshop/app/goods/srv/internal/service/v1/resources.go:196.2,196.20 1 0
goshop/app/goods/srv/internal/service/v1/resources.go:199.80,200.53 1 0
goshop/app/goods/srv/internal/service/v1/resources.go:200.53,202.3 1 0
goshop/app/goods/srv/internal/service/v1/resources.go:203.2,203.50 1 0
goshop/app/goods/srv/internal/service/v1/resources.go:206.70,207.13 1 0
goshop/app/goods/srv/internal/service/v1/resources.go:207.13,209.3 1 0
goshop/app/goods/srv/internal/service/v1/resources.go:210.2,210.41 1 0
goshop/app/goods/srv/internal/service/v1/resources.go:213.70,214.21 1 0
goshop/app/goods/srv/internal/service/v1/resources.go:214.21,216.3 1 0
goshop/app/goods/srv/internal/service/v1/resources.go:217.2,217.35 1 0
goshop/app/goods/srv/internal/service/v1/resources.go:217.35,219.3 1 0
goshop/app/goods/srv/internal/service/v1/resources.go:220.2,221.48 2 0
goshop/app/goods/srv/internal/service/v1/resources.go:221.48,223.3 1 0
goshop/app/goods/srv/internal/service/v1/resources.go:224.2,224.65 1 0
goshop/app/goods/srv/internal/service/v1/resources.go:224.65,226.3 1 0
goshop/app/goods/srv/internal/service/v1/resources.go:227.2,227.12 1 0
goshop/app/goods/srv/internal/service/v1/resources.go:234.60,236.2 1 0
goshop/app/goods/srv/internal/service/v1/resources.go:238.134,240.2 1 0
goshop/app/goods/srv/internal/service/v1/resources.go:242.141,243.21 1 0
goshop/app/goods/srv/internal/service/v1/resources.go:243.21,245.3 1 0
goshop/app/goods/srv/internal/service/v1/resources.go:246.2,246.68 1 0
goshop/app/goods/srv/internal/service/v1/resources.go:246.68,248.3 1 0
goshop/app/goods/srv/internal/service/v1/resources.go:249.2,249.73 1 0
goshop/app/goods/srv/internal/service/v1/resources.go:252.129,253.63 1 1
goshop/app/goods/srv/internal/service/v1/resources.go:253.63,255.3 1 0
goshop/app/goods/srv/internal/service/v1/resources.go:256.2,257.16 2 1
goshop/app/goods/srv/internal/service/v1/resources.go:257.16,259.3 1 0
goshop/app/goods/srv/internal/service/v1/resources.go:260.2,261.16 2 1
goshop/app/goods/srv/internal/service/v1/resources.go:261.16,263.3 1 1
goshop/app/goods/srv/internal/service/v1/resources.go:264.2,264.75 1 0
goshop/app/goods/srv/internal/service/v1/resources.go:264.75,266.3 1 0
goshop/app/goods/srv/internal/service/v1/resources.go:267.2,269.22 3 0
goshop/app/goods/srv/internal/service/v1/resources.go:272.101,273.62 1 0
goshop/app/goods/srv/internal/service/v1/resources.go:273.62,275.3 1 0
goshop/app/goods/srv/internal/service/v1/resources.go:276.2,276.85 1 0
goshop/app/goods/srv/internal/service/v1/resources.go:276.85,278.3 1 0
goshop/app/goods/srv/internal/service/v1/resources.go:279.2,279.79 1 0
goshop/app/goods/srv/internal/service/v1/resources.go:279.79,281.3 1 0
goshop/app/goods/srv/internal/service/v1/resources.go:282.2,282.59 1 0
goshop/app/goods/srv/internal/service/v1/resources.go:285.77,286.13 1 0
goshop/app/goods/srv/internal/service/v1/resources.go:286.13,288.3 1 0
goshop/app/goods/srv/internal/service/v1/resources.go:289.2,289.48 1 0
goshop/app/goods/srv/internal/service/v1/resources.go:292.85,293.21 1 1
goshop/app/goods/srv/internal/service/v1/resources.go:293.21,295.3 1 0
goshop/app/goods/srv/internal/service/v1/resources.go:296.2,296.35 1 1
goshop/app/goods/srv/internal/service/v1/resources.go:296.35,298.3 1 0
goshop/app/goods/srv/internal/service/v1/resources.go:299.2,299.56 1 1
goshop/app/goods/srv/internal/service/v1/resources.go:299.56,301.3 1 0
goshop/app/goods/srv/internal/service/v1/resources.go:302.2,302.12 1 1
goshop/app/goods/srv/internal/service/v1/resources.go:305.62,306.18 1 0
goshop/app/goods/srv/internal/service/v1/resources.go:306.18,308.3 1 0
goshop/app/goods/srv/internal/service/v1/resources.go:309.2,309.32 1 0
goshop/app/goods/srv/internal/service/v1/resources.go:309.32,311.3 1 0
goshop/app/goods/srv/internal/service/v1/resources.go:312.2,314.22 3 0
goshop/app/goods/srv/internal/service/v1/resources.go:314.22,316.3 1 0
goshop/app/goods/srv/internal/service/v1/resources.go:317.2,317.12 1 0
goshop/app/goods/srv/internal/service/v1/resources.go:320.64,321.19 1 0
goshop/app/goods/srv/internal/service/v1/resources.go:321.19,323.3 1 0
goshop/app/goods/srv/internal/service/v1/resources.go:324.2,324.33 1 0
goshop/app/goods/srv/internal/service/v1/resources.go:324.33,326.3 1 0
goshop/app/goods/srv/internal/service/v1/resources.go:327.2,329.44 3 0
goshop/app/goods/srv/internal/service/v1/resources.go:329.44,331.3 1 0
goshop/app/goods/srv/internal/service/v1/resources.go:332.2,332.12 1 0
goshop/app/goods/srv/internal/service/v1/service.go:23.78,25.2 1 0
goshop/app/goods/srv/internal/service/v1/service.go:29.36,31.2 1 0
goshop/app/goods/srv/internal/service/v1/service.go:33.44,35.2 1 0
goshop/app/goods/srv/internal/service/v1/service.go:37.37,39.2 1 0
goshop/app/goods/srv/internal/service/v1/service.go:41.39,43.2 1 0
goshop/app/goods/srv/internal/service/v1/service.go:45.53,47.2 1 0
goshop/app/goods/srv/internal/service/v1/service.go:49.60,51.2 1 0
goshop/app/goods/srv/internal/service/v1/txn.go:20.32,22.2 1 0
goshop/app/goods/srv/internal/service/v1/txn.go:24.33,26.2 1 0
goshop/app/goods/srv/internal/service/v1/txn.go:28.35,30.2 1 0
goshop/app/goods/srv/internal/service/v1/txn.go:32.113,33.16 1 2
goshop/app/goods/srv/internal/service/v1/txn.go:33.16,35.3 1 0
goshop/app/goods/srv/internal/service/v1/txn.go:36.2,37.15 2 2
goshop/app/goods/srv/internal/service/v1/txn.go:37.15,38.49 1 2
goshop/app/goods/srv/internal/service/v1/txn.go:38.49,39.18 1 0
goshop/app/goods/srv/internal/service/v1/txn.go:39.18,41.5 1 0
goshop/app/goods/srv/internal/service/v1/txn.go:42.4,43.10 2 0
goshop/app/goods/srv/internal/service/v1/txn.go:45.3,45.17 1 2
goshop/app/goods/srv/internal/service/v1/txn.go:45.17,47.4 1 0
goshop/app/goods/srv/internal/service/v1/txn.go:50.2,50.32 1 2
goshop/app/goods/srv/internal/service/v1/txn.go:50.32,52.3 1 0
goshop/app/goods/srv/internal/service/v1/txn.go:53.2,53.37 1 2
goshop/app/goods/srv/internal/service/v1/txn.go:53.37,55.3 1 0
goshop/app/goods/srv/internal/service/v1/txn.go:56.2,57.12 2 2
goshop/app/goods/srv/internal/tools/goodsops/main.go:18.13,25.68 2 0
goshop/app/goods/srv/internal/tools/goodsops/main.go:25.68,29.24 3 0
goshop/app/goods/srv/internal/tools/goodsops/main.go:29.24,31.5 1 0
goshop/app/goods/srv/internal/tools/goodsops/main.go:33.4,34.18 2 0
goshop/app/goods/srv/internal/tools/goodsops/main.go:34.18,36.5 1 0
goshop/app/goods/srv/internal/tools/goodsops/main.go:37.4,38.18 2 0
goshop/app/goods/srv/internal/tools/goodsops/main.go:38.18,40.5 1 0
goshop/app/goods/srv/internal/tools/goodsops/main.go:42.4,42.22 1 0
goshop/app/goods/srv/internal/tools/goodsops/main.go:43.25,44.57 1 0
goshop/app/goods/srv/internal/tools/goodsops/main.go:45.30,46.78 1 0
goshop/app/goods/srv/internal/tools/goodsops/main.go:47.12,48.59 1 0
goshop/app/goods/srv/internal/tools/goodsops/main.go:53.2,53.12 1 0
goshop/app/goods/srv/internal/tools/goodsops/main.go:59.21,60.16 1 1
goshop/app/goods/srv/internal/tools/goodsops/main.go:60.16,62.3 1 0
goshop/app/goods/srv/internal/tools/goodsops/main.go:63.2,64.16 2 1
goshop/app/goods/srv/internal/tools/goodsops/main.go:64.16,66.3 1 0
goshop/app/goods/srv/internal/tools/goodsops/main.go:67.2,67.31 1 1
goshop/app/goods/srv/internal/tools/goodsops/main.go:67.31,68.19 1 2
goshop/app/goods/srv/internal/tools/goodsops/main.go:68.19,69.12 1 0
goshop/app/goods/srv/internal/tools/goodsops/main.go:71.3,71.87 1 2
goshop/app/goods/srv/internal/tools/goodsops/main.go:71.87,73.4 1 0
goshop/app/goods/srv/internal/tools/goodsops/main.go:75.2,76.12 2 1
goshop/app/goods/srv/internal/tools/goodsops/reindex.go:13.116,14.48 1 0
goshop/app/goods/srv/internal/tools/goodsops/reindex.go:14.48,16.3 1 0
goshop/app/goods/srv/internal/tools/goodsops/reindex.go:18.2,22.6 4 0
goshop/app/goods/srv/internal/tools/goodsops/reindex.go:22.6,27.17 2 0
goshop/app/goods/srv/internal/tools/goodsops/reindex.go:27.17,29.4 1 0
goshop/app/goods/srv/internal/tools/goodsops/reindex.go:30.3,30.42 1 0
goshop/app/goods/srv/internal/tools/goodsops/reindex.go:30.42,31.9 1 0
goshop/app/goods/srv/internal/tools/goodsops/reindex.go:34.3,34.36 1 0
goshop/app/goods/srv/internal/tools/goodsops/reindex.go:34.36,35.20 1 0
goshop/app/goods/srv/internal/tools/goodsops/reindex.go:35.20,36.13 1 0
goshop/app/goods/srv/internal/tools/goodsops/reindex.go:38.4,56.72 2 0
goshop/app/goods/srv/internal/tools/goodsops/reindex.go:56.72,58.5 1 0
goshop/app/goods/srv/internal/tools/goodsops/reindex.go:59.4,59.11 1 0
goshop/app/goods/srv/internal/tools/goodsops/reindex.go:61.3,61.9 1 0
goshop/app/goods/srv/internal/tools/goodsops/reindex.go:64.2,65.12 2 0
goshop/app/goshop/admin/app.go:19.39,27.2 3 0
goshop/app/goshop/admin/app.go:29.82,34.16 5 0
goshop/app/goshop/admin/app.go:34.16,36.3 1 0
goshop/app/goshop/admin/app.go:37.2,43.15 2 0
goshop/app/goshop/admin/app.go:46.56,49.16 2 0
goshop/app/goshop/admin/app.go:49.16,51.3 1 0
goshop/app/goshop/admin/app.go:53.2,74.16 4 0
goshop/app/goshop/admin/app.go:74.16,76.3 1 0
goshop/app/goshop/admin/app.go:78.2,85.29 3 0
goshop/app/goshop/admin/app.go:85.29,87.3 1 0
goshop/app/goshop/admin/app.go:89.2,89.31 1 0
goshop/app/goshop/admin/app.go:92.42,93.58 1 0
goshop/app/goshop/admin/app.go:93.58,98.17 4 0
goshop/app/goshop/admin/app.go:98.17,100.4 1 0
goshop/app/goshop/admin/app.go:103.3,103.33 1 0
goshop/app/goshop/admin/auth.go:53.21,61.2 1 22
goshop/app/goshop/admin/auth.go:63.52,64.52 1 1
goshop/app/goshop/admin/auth.go:64.52,70.3 2 0
goshop/app/goshop/admin/auth.go:72.2,73.53 2 1
goshop/app/goshop/admin/auth.go:73.53,79.3 2 0
goshop/app/goshop/admin/auth.go:81.2,83.16 3 1
goshop/app/goshop/admin/auth.go:83.16,84.86 1 0
goshop/app/goshop/admin/auth.go:84.86,90.4 2 0
goshop/app/goshop/admin/auth.go:91.3,95.9 2 0
goshop/app/goshop/admin/auth.go:97.2,97.50 1 1
goshop/app/goshop/admin/auth.go:97.50,103.3 2 0
goshop/app/goshop/admin/auth.go:104.2,104.95 1 1
goshop/app/goshop/admin/auth.go:104.95,110.3 2 0
goshop/app/goshop/admin/auth.go:111.2,111.79 1 1
goshop/app/goshop/admin/auth.go:111.79,117.3 2 0
goshop/app/goshop/admin/auth.go:119.2,123.55 2 1
goshop/app/goshop/admin/auth.go:123.55,129.3 2 0
goshop/app/goshop/admin/auth.go:131.2,132.16 2 1
goshop/app/goshop/admin/auth.go:132.16,138.3 2 0
goshop/app/goshop/admin/auth.go:139.2,145.17 1 1
goshop/app/goshop/admin/auth.go:145.17,151.3 2 0
goshop/app/goshop/admin/auth.go:153.2,159.4 1 1
goshop/app/goshop/admin/auth.go:162.53,163.40 1 1
goshop/app/goshop/admin/auth.go:163.40,169.3 2 0
goshop/app/goshop/admin/auth.go:171.2,172.16 2 1
goshop/app/goshop/admin/auth.go:172.16,178.3 2 0
goshop/app/goshop/admin/auth.go:180.2,181.16 2 1
goshop/app/goshop/admin/auth.go:181.16,187.3 2 0
goshop/app/goshop/admin/auth.go:189.2,189.87 1 1
goshop/app/goshop/admin/auth.go:189.87,195.3 2 0
goshop/app/goshop/admin/auth.go:197.2,197.44 1 1
goshop/app/goshop/admin/auth.go:200.56,201.40 1 1
goshop/app/goshop/admin/auth.go:201.40,207.3 2 0
goshop/app/goshop/admin/auth.go:209.2,210.16 2 1
goshop/app/goshop/admin/auth.go:210.16,216.3 2 0
goshop/app/goshop/admin/auth.go:218.2,218.78 1 1
goshop/app/goshop/admin/auth.go:218.78,224.3 2 0
goshop/app/goshop/admin/auth.go:226.2,226.44 1 1
goshop/app/goshop/admin/auth.go:229.49,230.32 1 1
goshop/app/goshop/admin/auth.go:230.32,236.3 2 0
goshop/app/goshop/admin/auth.go:238.2,239.16 2 1
goshop/app/goshop/admin/auth.go:239.16,245.3 2 0
goshop/app/goshop/admin/auth.go:247.2,248.64 2 1
goshop/app/goshop/admin/auth.go:248.64,254.3 2 0
goshop/app/goshop/admin/auth.go:256.2,261.4 1 1
goshop/app/goshop/admin/auth.go:264.63,265.56 1 1
goshop/app/goshop/admin/auth.go:265.56,271.3 2 0
goshop/app/goshop/admin/auth.go:273.2,274.58 2 1
goshop/app/goshop/admin/auth.go:274.58,276.3 1 0
goshop/app/goshop/admin/auth.go:278.2,291.16 5 1
goshop/app/goshop/admin/auth.go:291.16,297.3 2 0
goshop/app/goshop/admin/auth.go:298.2,307.17 1 1
goshop/app/goshop/admin/auth.go:307.17,314.3 3 0
goshop/app/goshop/admin/auth.go:315.2,324.4 3 1
goshop/app/goshop/admin/auth.go:327.118,329.16 2 1
goshop/app/goshop/admin/auth.go:329.16,331.3 1 0
goshop/app/goshop/admin/auth.go:332.2,351.16 3 1
goshop/app/goshop/admin/auth.go:351.16,353.3 1 0
goshop/app/goshop/admin/auth.go:354.2,354.54 1 1
goshop/app/goshop/admin/auth.go:357.43,359.60 2 1
goshop/app/goshop/admin/auth.go:359.60,360.30 1 7
goshop/app/goshop/admin/auth.go:360.30,361.56 1 7
goshop/app/goshop/admin/auth.go:361.56,362.47 1 1
goshop/app/goshop/admin/auth.go:362.47,364.6 1 1
goshop/app/goshop/admin/auth.go:368.2,369.27 2 1
goshop/app/goshop/admin/auth.go:369.27,371.3 1 1
goshop/app/goshop/admin/auth.go:372.2,373.15 2 1
goshop/app/goshop/admin/auth.go:376.70,377.40 1 1
goshop/app/goshop/admin/auth.go:377.40,379.3 1 0
goshop/app/goshop/admin/auth.go:380.2,380.42 1 1
goshop/app/goshop/admin/auth.go:383.99,384.55 1 1
goshop/app/goshop/admin/auth.go:384.55,386.3 1 0
goshop/app/goshop/admin/auth.go:387.2,387.60 1 1
goshop/app/goshop/admin/auth.go:390.106,391.51 1 2
goshop/app/goshop/admin/auth.go:391.51,393.3 1 0
goshop/app/goshop/admin/auth.go:394.2,395.12 2 2
goshop/app/goshop/admin/auth.go:403.37,404.17 1 19
goshop/app/goshop/admin/auth.go:404.17,406.3 1 0
goshop/app/goshop/admin/auth.go:407.2,407.124 1 19
goshop/app/goshop/admin/auth.go:407.124,412.75 4 18
goshop/app/goshop/admin/auth.go:412.75,414.4 1 0
goshop/app/goshop/admin/auth.go:416.3,417.17 2 18
goshop/app/goshop/admin/auth.go:417.17,419.4 1 0
goshop/app/goshop/admin/auth.go:420.3,420.27 1 18
goshop/app/goshop/admin/auth.go:420.27,422.29 2 18
goshop/app/goshop/admin/auth.go:422.29,424.5 1 0
goshop/app/goshop/admin/auth.go:427.3,428.17 2 18
goshop/app/goshop/admin/auth.go:428.17,430.4 1 0
goshop/app/goshop/admin/auth.go:431.3,431.19 1 18
goshop/app/goshop/admin/auth.go:431.19,433.66 2 18
goshop/app/goshop/admin/auth.go:433.66,435.5 1 0
goshop/app/goshop/admin/auth.go:436.4,436.97 1 18
goshop/app/goshop/admin/auth.go:436.97,438.5 1 0
goshop/app/goshop/admin/auth.go:440.3,440.27 1 18
goshop/app/goshop/admin/auth.go:440.27,442.70 2 18
goshop/app/goshop/admin/auth.go:442.70,444.5 1 1
goshop/app/goshop/admin/auth.go:446.3,446.14 1 17
goshop/app/goshop/admin/auth.go:450.56,452.9 2 1
goshop/app/goshop/admin/auth.go:452.9,454.3 1 0
goshop/app/goshop/admin/auth.go:456.2,457.29 2 1
goshop/app/goshop/admin/auth.go:458.15,459.22 1 1
goshop/app/goshop/admin/auth.go:460.19,462.17 2 0
goshop/app/goshop/admin/auth.go:462.17,464.4 1 0
goshop/app/goshop/admin/auth.go:465.3,465.11 1 0
goshop/app/goshop/admin/auth.go:466.13,467.15 1 0
goshop/app/goshop/admin/auth.go:468.11,469.22 1 0
goshop/app/goshop/admin/auth.go:470.10,471.81 1 0
goshop/app/goshop/admin/auth.go:473.2,473.15 1 1
goshop/app/goshop/admin/auth.go:473.15,475.3 1 0
goshop/app/goshop/admin/auth.go:476.2,476.32 1 1
goshop/app/goshop/admin/auth.go:479.57,481.43 2 20
goshop/app/goshop/admin/auth.go:482.15,483.16 1 20
goshop/app/goshop/admin/auth.go:483.16,485.4 1 20
goshop/app/goshop/admin/auth.go:486.14,487.16 1 0
goshop/app/goshop/admin/auth.go:487.16,489.4 1 0
goshop/app/goshop/admin/auth.go:490.12,491.16 1 0
goshop/app/goshop/admin/auth.go:491.16,493.4 1 0
goshop/app/goshop/admin/auth.go:494.11,495.16 1 0
goshop/app/goshop/admin/auth.go:495.16,497.4 1 0
goshop/app/goshop/admin/auth.go:498.13,499.16 1 0
goshop/app/goshop/admin/auth.go:499.16,501.4 1 0
goshop/app/goshop/admin/auth.go:503.2,503.74 1 0
goshop/app/goshop/admin/auth.go:506.59,507.49 1 18
goshop/app/goshop/admin/auth.go:508.15,509.16 1 18
goshop/app/goshop/admin/auth.go:509.16,511.4 1 1
goshop/app/goshop/admin/auth.go:512.14,513.15 1 0
goshop/app/goshop/admin/auth.go:514.13,515.16 1 0
goshop/app/goshop/admin/auth.go:515.16,517.4 1 0
goshop/app/goshop/admin/auth.go:518.11,519.16 1 0
goshop/app/goshop/admin/auth.go:519.16,521.4 1 0
goshop/app/goshop/admin/auth.go:523.2,523.10 1 17
goshop/app/goshop/admin/http.go:12.72,31.28 3 0
goshop/app/goshop/admin/http.go:31.28,36.3 1 0
goshop/app/goshop/admin/http.go:37.2,40.16 3 0
goshop/app/goshop/admin/http.go:40.16,42.3 1 0
goshop/app/goshop/admin/http.go:44.2,45.16 2 0
goshop/app/goshop/admin/http.go:45.16,47.3 1 0
goshop/app/goshop/admin/http.go:48.2,49.16 2 0
goshop/app/goshop/admin/http.go:49.16,51.3 1 0
goshop/app/goshop/admin/http.go:52.2,53.16 2 0
goshop/app/goshop/admin/http.go:53.16,55.3 1 0
goshop/app/goshop/admin/http.go:56.2,57.16 2 0
goshop/app/goshop/admin/http.go:57.16,59.3 1 0
goshop/app/goshop/admin/http.go:61.2,61.126 1 0
goshop/app/goshop/admin/http.go:61.126,63.3 1 0
goshop/app/goshop/admin/http.go:64.2,64.93 1 0
goshop/app/goshop/admin/http.go:64.93,66.3 1 0
goshop/app/goshop/admin/http.go:68.2,68.24 1 0
goshop/app/goshop/admin/http.go:71.70,72.71 1 0
goshop/app/goshop/admin/http.go:72.71,74.3 1 0
goshop/app/goshop/admin/http.go:76.2,89.3 1 0
goshop/app/goshop/admin/operations.go:31.165,33.2 1 18
goshop/app/goshop/admin/operations.go:35.130,61.2 23 18
goshop/app/goshop/admin/operations.go:63.62,64.30 1 108
goshop/app/goshop/admin/operations.go:64.30,66.32 2 0
goshop/app/goshop/admin/operations.go:66.32,67.27 1 0
goshop/app/goshop/admin/operations.go:67.27,70.5 2 0
goshop/app/goshop/admin/operations.go:72.3,72.132 1 0
goshop/app/goshop/admin/operations.go:76.72,77.30 1 111
goshop/app/goshop/admin/operations.go:77.30,78.76 1 3
goshop/app/goshop/admin/operations.go:78.76,81.4 2 1
goshop/app/goshop/admin/operations.go:82.3,83.63 2 2
goshop/app/goshop/admin/operations.go:83.63,86.4 2 0
goshop/app/goshop/admin/operations.go:87.3,87.141 1 2
goshop/app/goshop/admin/operations.go:87.141,90.4 2 1
goshop/app/goshop/admin/operations.go:91.3,91.11 1 1
goshop/app/goshop/admin/operations.go:95.53,96.30 1 36
goshop/app/goshop/admin/operations.go:96.30,99.44 3 0
goshop/app/goshop/admin/operations.go:99.44,101.4 1 0
goshop/app/goshop/admin/operations.go:102.3,102.40 1 0
goshop/app/goshop/admin/operations.go:102.40,104.4 1 0
goshop/app/goshop/admin/operations.go:105.3,105.34 1 0
goshop/app/goshop/admin/operations.go:109.50,111.21 2 5
goshop/app/goshop/admin/operations.go:111.21,113.3 1 1
goshop/app/goshop/admin/operations.go:114.2,115.41 2 4
goshop/app/goshop/admin/operations.go:118.41,120.30 2 4
goshop/app/goshop/admin/operations.go:121.16,122.32 1 4
goshop/app/goshop/admin/operations.go:122.32,124.4 1 4
goshop/app/goshop/admin/operations.go:125.13,126.32 1 0
goshop/app/goshop/admin/operations.go:126.32,127.38 1 0
goshop/app/goshop/admin/operations.go:127.38,129.5 1 0
goshop/app/goshop/admin/operations.go:132.2,132.15 1 4
goshop/app/goshop/admin/operations.go:135.55,136.33 1 0
goshop/app/goshop/admin/operations.go:136.33,138.3 1 0
goshop/app/goshop/admin/operations.go:139.2,141.24 3 0
goshop/app/goshop/admin/operations.go:143.54,144.33 1 0
goshop/app/goshop/admin/operations.go:144.33,146.3 1 0
goshop/app/goshop/admin/operations.go:147.2,148.9 2 0
goshop/app/goshop/admin/operations.go:148.9,150.3 1 0
goshop/app/goshop/admin/operations.go:151.2,152.24 2 0
goshop/app/goshop/admin/operations.go:154.57,156.38 2 0
goshop/app/goshop/admin/operations.go:156.38,158.3 1 0
goshop/app/goshop/admin/operations.go:159.2,160.16 2 0
goshop/app/goshop/admin/operations.go:160.16,162.3 1 0
goshop/app/goshop/admin/operations.go:163.2,163.24 1 0
goshop/app/goshop/admin/operations.go:165.57,167.38 2 0
goshop/app/goshop/admin/operations.go:167.38,169.3 1 0
goshop/app/goshop/admin/operations.go:170.2,171.9 2 0
goshop/app/goshop/admin/operations.go:171.9,173.3 1 0
goshop/app/goshop/admin/operations.go:174.2,176.16 3 0
goshop/app/goshop/admin/operations.go:176.16,178.3 1 0
goshop/app/goshop/admin/operations.go:179.2,179.24 1 0
goshop/app/goshop/admin/operations.go:181.57,182.33 1 0
goshop/app/goshop/admin/operations.go:182.33,184.3 1 0
goshop/app/goshop/admin/operations.go:185.2,186.9 2 0
goshop/app/goshop/admin/operations.go:186.9,188.3 1 0
goshop/app/goshop/admin/operations.go:189.2,190.16 2 0
goshop/app/goshop/admin/operations.go:190.16,192.3 1 0
goshop/app/goshop/admin/operations.go:193.2,193.24 1 0
goshop/app/goshop/admin/operations.go:196.58,197.37 1 0
goshop/app/goshop/admin/operations.go:197.37,199.3 1 0
goshop/app/goshop/admin/operations.go:200.2,201.9 2 0
goshop/app/goshop/admin/operations.go:201.9,203.3 1 0
goshop/app/goshop/admin/operations.go:204.2,205.24 2 0
goshop/app/goshop/admin/operations.go:207.61,209.42 2 0
goshop/app/goshop/admin/operations.go:209.42,211.3 1 0
goshop/app/goshop/admin/operations.go:212.2,213.9 2 0
goshop/app/goshop/admin/operations.go:213.9,215.3 1 0
goshop/app/goshop/admin/operations.go:216.2,218.16 3 0
goshop/app/goshop/admin/operations.go:218.16,221.3 2 0
goshop/app/goshop/admin/operations.go:222.2,226.41 5 0
goshop/app/goshop/admin/operations.go:226.41,229.3 2 0
goshop/app/goshop/admin/operations.go:230.2,231.16 2 0
goshop/app/goshop/admin/operations.go:231.16,233.3 1 0
goshop/app/goshop/admin/operations.go:234.2,234.24 1 0
goshop/app/goshop/admin/operations.go:236.66,237.37 1 0
goshop/app/goshop/admin/operations.go:237.37,239.3 1 0
goshop/app/goshop/admin/operations.go:240.2,241.9 2 0
goshop/app/goshop/admin/operations.go:241.9,243.3 1 0
goshop/app/goshop/admin/operations.go:244.2,246.24 3 0
goshop/app/goshop/admin/operations.go:248.59,249.37 1 0
goshop/app/goshop/admin/operations.go:249.37,251.3 1 0
goshop/app/goshop/admin/operations.go:252.2,253.24 2 0
goshop/app/goshop/admin/operations.go:256.56,257.34 1 0
goshop/app/goshop/admin/operations.go:257.34,259.3 1 0
goshop/app/goshop/admin/operations.go:260.2,263.24 4 0
goshop/app/goshop/admin/operations.go:265.54,266.34 1 0
goshop/app/goshop/admin/operations.go:266.34,268.3 1 0
goshop/app/goshop/admin/operations.go:269.2,270.24 2 0
goshop/app/goshop/admin/operations.go:272.56,274.2 1 0
goshop/app/goshop/admin/operations.go:275.57,276.34 1 0
goshop/app/goshop/admin/operations.go:276.34,278.3 1 0
goshop/app/goshop/admin/operations.go:279.2,283.48 2 0
goshop/app/goshop/admin/operations.go:283.48,286.3 2 0
goshop/app/goshop/admin/operations.go:287.2,288.16 2 0
goshop/app/goshop/admin/operations.go:288.16,291.3 2 0
goshop/app/goshop/admin/operations.go:292.2,295.16 4 0
goshop/app/goshop/admin/operations.go:295.16,297.3 1 0
goshop/app/goshop/admin/operations.go:298.2,298.24 1 0
goshop/app/goshop/admin/operations.go:300.86,301.34 1 0
goshop/app/goshop/admin/operations.go:301.34,303.3 1 0
goshop/app/goshop/admin/operations.go:304.2,306.16 3 0
goshop/app/goshop/admin/operations.go:306.16,308.3 1 0
goshop/app/goshop/admin/operations.go:309.2,309.24 1 0
goshop/app/goshop/admin/operations.go:312.63,313.34 1 0
goshop/app/goshop/admin/operations.go:313.34,315.3 1 0
goshop/app/goshop/admin/operations.go:316.2,318.24 3 0
goshop/app/goshop/admin/operations.go:320.63,321.34 1 0
goshop/app/goshop/admin/operations.go:321.34,323.3 1 0
goshop/app/goshop/admin/operations.go:324.2,326.16 3 0
goshop/app/goshop/admin/operations.go:326.16,329.3 2 0
goshop/app/goshop/admin/operations.go:330.2,330.126 1 0
goshop/app/goshop/admin/operations.go:333.68,334.11 1 0
goshop/app/goshop/admin/operations.go:334.11,336.3 1 0
goshop/app/goshop/admin/operations.go:337.2,338.14 2 0
goshop/app/goshop/admin/operations.go:340.76,341.24 1 0
goshop/app/goshop/admin/operations.go:341.24,343.3 1 0
goshop/app/goshop/admin/operations.go:344.2,344.46 1 0
goshop/app/goshop/admin/operations.go:344.46,347.3 2 0
goshop/app/goshop/admin/operations.go:348.2,348.13 1 0
goshop/app/goshop/admin/operations.go:350.94,351.20 1 0
goshop/app/goshop/admin/operations.go:351.20,353.3 1 0
goshop/app/goshop/admin/operations.go:354.2,355.16 2 0
goshop/app/goshop/admin/operations.go:355.16,357.3 1 0
goshop/app/goshop/admin/operations.go:358.2,359.26 2 0
goshop/app/goshop/admin/operations.go:359.26,361.3 1 0
goshop/app/goshop/admin/operations.go:362.2,364.12 3 0
goshop/app/goshop/admin/operations.go:366.39,368.14 2 1
goshop/app/goshop/admin/operations.go:368.14,370.3 1 1
goshop/app/goshop/admin/operations.go:371.2,371.11 1 1
goshop/app/goshop/admin/operations.go:373.56,375.30 2 0
goshop/app/goshop/admin/operations.go:375.30,378.3 2 0
goshop/app/goshop/admin/operations.go:379.2,379.27 1 0
goshop/app/goshop/admin/operations.go:381.42,384.11 3 0
goshop/app/goshop/admin/operations.go:384.11,386.3 1 0
goshop/app/goshop/admin/operations.go:387.2,387.22 1 0
goshop/app/goshop/admin/operations.go:387.22,389.3 1 0
goshop/app/goshop/admin/operations.go:390.2,390.27 1 0
goshop/app/goshop/admin/operations.go:392.56,393.16 1 0
[...]
goshop/pkg/storage/redis_cluster.go:630.18,632.3 1 0
goshop/pkg/storage/redis_cluster.go:633.2,636.62 3 0
goshop/pkg/storage/redis_cluster.go:636.62,640.22 3 0
goshop/pkg/storage/redis_cluster.go:640.22,642.4 1 0
goshop/pkg/storage/redis_cluster.go:644.3,644.36 1 0
goshop/pkg/storage/redis_cluster.go:644.36,646.4 1 0
goshop/pkg/storage/redis_cluster.go:648.3,648.21 1 0
goshop/pkg/storage/redis_cluster.go:651.2,655.28 4 0
goshop/pkg/storage/redis_cluster.go:656.28,659.13 2 0
goshop/pkg/storage/redis_cluster.go:659.13,660.85 1 0
goshop/pkg/storage/redis_cluster.go:660.85,662.19 2 0
goshop/pkg/storage/redis_cluster.go:662.19,664.6 1 0
goshop/pkg/storage/redis_cluster.go:666.5,668.15 2 0
goshop/pkg/storage/redis_cluster.go:670.4,670.13 1 0
goshop/pkg/storage/redis_cluster.go:673.3,673.23 1 0
goshop/pkg/storage/redis_cluster.go:673.23,675.4 1 0
goshop/pkg/storage/redis_cluster.go:676.21,677.33 1 0
goshop/pkg/storage/redis_cluster.go:680.2,680.16 1 0
goshop/pkg/storage/redis_cluster.go:680.16,684.3 2 0
goshop/pkg/storage/redis_cluster.go:686.2,686.29 1 0
goshop/pkg/storage/redis_cluster.go:686.29,688.3 1 0
goshop/pkg/storage/redis_cluster.go:690.2,690.17 1 0
goshop/pkg/storage/redis_cluster.go:694.105,695.31 1 0
goshop/pkg/storage/redis_cluster.go:695.31,697.3 1 0
goshop/pkg/storage/redis_cluster.go:698.2,699.17 2 0
goshop/pkg/storage/redis_cluster.go:699.17,703.3 2 0
goshop/pkg/storage/redis_cluster.go:705.2,705.20 1 0
goshop/pkg/storage/redis_cluster.go:705.20,707.3 1 0
goshop/pkg/storage/redis_cluster.go:709.2,709.25 1 0
goshop/pkg/storage/redis_cluster.go:709.25,711.3 1 0
goshop/pkg/storage/redis_cluster.go:713.2,716.28 3 0
goshop/pkg/storage/redis_cluster.go:717.28,718.3 1 0
goshop/pkg/storage/redis_cluster.go:718.3,721.29 3 0
goshop/pkg/storage/redis_cluster.go:721.29,723.5 1 0
goshop/pkg/storage/redis_cluster.go:724.4,725.48 2 0
goshop/pkg/storage/redis_cluster.go:725.48,729.5 2 0
goshop/pkg/storage/redis_cluster.go:731.4,731.32 1 0
goshop/pkg/storage/redis_cluster.go:731.32,733.5 1 0
goshop/pkg/storage/redis_cluster.go:735.21,736.3 1 0
goshop/pkg/storage/redis_cluster.go:736.3,738.18 2 0
goshop/pkg/storage/redis_cluster.go:738.18,742.5 2 0
goshop/pkg/storage/redis_cluster.go:744.4,744.31 1 0
goshop/pkg/storage/redis_cluster.go:744.31,746.26 2 0
goshop/pkg/storage/redis_cluster.go:746.26,748.6 1 0
goshop/pkg/storage/redis_cluster.go:749.5,749.36 1 0
goshop/pkg/storage/redis_cluster.go:754.2,755.25 2 0
goshop/pkg/storage/redis_cluster.go:755.25,757.3 1 0
goshop/pkg/storage/redis_cluster.go:759.2,759.10 1 0
goshop/pkg/storage/redis_cluster.go:763.80,765.2 1 0
goshop/pkg/storage/redis_cluster.go:768.76,769.31 1 0
goshop/pkg/storage/redis_cluster.go:769.31,772.3 1 0
goshop/pkg/storage/redis_cluster.go:773.2,779.16 3 0
goshop/pkg/storage/redis_cluster.go:779.16,781.3 1 0
goshop/pkg/storage/redis_cluster.go:783.2,783.14 1 0
goshop/pkg/storage/redis_cluster.go:787.64,788.31 1 0
goshop/pkg/storage/redis_cluster.go:788.31,790.3 1 0
goshop/pkg/storage/redis_cluster.go:791.2,792.16 2 0
goshop/pkg/storage/redis_cluster.go:792.16,794.3 1 0
goshop/pkg/storage/redis_cluster.go:796.2,796.15 1 0
goshop/pkg/storage/redis_cluster.go:796.15,798.3 1 0
goshop/pkg/storage/redis_cluster.go:800.2,800.14 1 0
goshop/pkg/storage/redis_cluster.go:804.79,805.31 1 0
goshop/pkg/storage/redis_cluster.go:805.31,807.3 1 0
goshop/pkg/storage/redis_cluster.go:808.2,809.16 2 0
goshop/pkg/storage/redis_cluster.go:809.16,811.3 1 0
goshop/pkg/storage/redis_cluster.go:813.2,813.14 1 0
goshop/pkg/storage/redis_cluster.go:817.82,818.31 1 0
goshop/pkg/storage/redis_cluster.go:818.31,820.3 1 0
goshop/pkg/storage/redis_cluster.go:821.2,824.57 3 0
goshop/pkg/storage/redis_cluster.go:824.57,828.22 3 0
goshop/pkg/storage/redis_cluster.go:828.22,830.4 1 0
goshop/pkg/storage/redis_cluster.go:832.3,832.36 1 0
goshop/pkg/storage/redis_cluster.go:832.36,834.4 1 0
goshop/pkg/storage/redis_cluster.go:836.3,836.21 1 0
goshop/pkg/storage/redis_cluster.go:839.2,843.28 4 0
goshop/pkg/storage/redis_cluster.go:844.28,846.13 2 0
goshop/pkg/storage/redis_cluster.go:846.13,847.85 1 0
goshop/pkg/storage/redis_cluster.go:847.85,849.19 2 0
goshop/pkg/storage/redis_cluster.go:849.19,851.6 1 0
goshop/pkg/storage/redis_cluster.go:853.5,855.15 2 0
goshop/pkg/storage/redis_cluster.go:857.4,857.13 1 0
goshop/pkg/storage/redis_cluster.go:860.3,860.24 1 0
goshop/pkg/storage/redis_cluster.go:860.24,862.4 1 0
goshop/pkg/storage/redis_cluster.go:863.21,864.24 1 0
goshop/pkg/storage/redis_cluster.go:867.2,867.16 1 0
goshop/pkg/storage/redis_cluster.go:867.16,871.3 2 0
goshop/pkg/storage/redis_cluster.go:873.2,873.19 1 0
goshop/pkg/storage/redis_cluster.go:873.19,874.29 1 0
goshop/pkg/storage/redis_cluster.go:874.29,877.18 3 0
goshop/pkg/storage/redis_cluster.go:877.18,883.5 1 0
goshop/pkg/storage/redis_cluster.go:885.3,885.46 1 0
goshop/pkg/storage/redis_cluster.go:886.8,888.3 1 0
goshop/pkg/storage/redis_cluster.go:890.2,890.13 1 0
goshop/pkg/storage/redis_cluster.go:894.76,895.31 1 0
goshop/pkg/storage/redis_cluster.go:895.31,897.3 1 0
goshop/pkg/storage/redis_cluster.go:898.2,898.19 1 0
goshop/pkg/storage/redis_cluster.go:898.19,899.26 1 0
goshop/pkg/storage/redis_cluster.go:899.26,901.4 1 0
goshop/pkg/storage/redis_cluster.go:903.3,905.29 3 0
goshop/pkg/storage/redis_cluster.go:906.29,907.4 1 0
goshop/pkg/storage/redis_cluster.go:907.4,909.28 2 0
goshop/pkg/storage/redis_cluster.go:909.28,911.6 1 0
goshop/pkg/storage/redis_cluster.go:913.5,913.45 1 0
goshop/pkg/storage/redis_cluster.go:913.45,915.6 1 0
goshop/pkg/storage/redis_cluster.go:917.22,918.4 1 0
goshop/pkg/storage/redis_cluster.go:918.4,920.19 2 0
goshop/pkg/storage/redis_cluster.go:920.19,922.6 1 0
goshop/pkg/storage/redis_cluster.go:925.8,927.3 1 0
goshop/pkg/storage/redis_cluster.go:929.2,929.13 1 0
goshop/pkg/storage/redis_cluster.go:934.114,935.31 1 0
goshop/pkg/storage/redis_cluster.go:935.31,937.3 1 0
goshop/pkg/storage/redis_cluster.go:938.2,939.19 2 0
goshop/pkg/storage/redis_cluster.go:939.19,941.3 1 0
goshop/pkg/storage/redis_cluster.go:943.2,944.35 2 0
goshop/pkg/storage/redis_cluster.go:944.35,946.17 2 0
goshop/pkg/storage/redis_cluster.go:946.17,948.4 1 0
goshop/pkg/storage/redis_cluster.go:951.2,951.47 1 0
goshop/pkg/storage/redis_cluster.go:951.47,955.3 2 0
goshop/pkg/storage/redis_cluster.go:957.2,957.36 1 0
goshop/pkg/storage/redis_cluster.go:957.36,959.3 1 0
goshop/pkg/storage/redis_cluster.go:961.2,961.12 1 0
goshop/pkg/storage/redis_cluster.go:965.84,966.31 1 0
goshop/pkg/storage/redis_cluster.go:966.31,968.3 1 0
goshop/pkg/storage/redis_cluster.go:969.2,970.16 2 0
goshop/pkg/storage/redis_cluster.go:970.16,974.3 2 0
goshop/pkg/storage/redis_cluster.go:976.2,976.12 1 0
goshop/pkg/storage/redis_cluster.go:980.91,982.31 2 0
goshop/pkg/storage/redis_cluster.go:982.31,984.3 1 0
goshop/pkg/storage/redis_cluster.go:985.2,991.69 5 0
goshop/pkg/storage/redis_cluster.go:991.69,996.3 3 0
goshop/pkg/storage/redis_cluster.go:997.2,997.16 1 0
goshop/pkg/storage/redis_cluster.go:997.16,1001.3 2 0
goshop/pkg/storage/redis_cluster.go:1003.2,1005.20 3 0
goshop/pkg/storage/redis_cluster.go:1005.20,1007.3 1 0
goshop/pkg/storage/redis_cluster.go:1009.2,1011.25 3 0
goshop/pkg/storage/redis_cluster.go:1011.25,1013.3 1 0
goshop/pkg/storage/redis_cluster.go:1015.2,1015.15 1 0
goshop/pkg/storage/redis_cluster.go:1019.80,1027.31 3 0
goshop/pkg/storage/redis_cluster.go:1027.31,1029.3 1 0
goshop/pkg/storage/redis_cluster.go:1030.2,1030.72 1 0
goshop/pkg/storage/redis_cluster.go:1030.72,1032.3 1 0
goshop/pkg/storage/redis_cluster.go:1036.82,1041.16 4 0
goshop/pkg/storage/redis_cluster.go:1041.16,1045.3 2 0
goshop/pkg/storage/redis_cluster.go:1046.2,1046.17 1 0
goshop/pkg/storage/redis_cluster.go:1046.17,1048.3 1 0
goshop/pkg/storage/redis_cluster.go:1050.2,1050.19 1 0
goshop/pkg/storage/redis_cluster.go:1054.89,1064.74 3 0
goshop/pkg/storage/redis_cluster.go:1064.74,1074.3 2 0
goshop/pkg/storage/redis_cluster.go:1076.2,1076.12 1 0
goshop/pkg/storage/redis_cluster.go:1080.108,1084.16 3 0
goshop/pkg/storage/redis_cluster.go:1084.16,1095.3 2 0
goshop/pkg/storage/redis_cluster.go:1097.2,1097.22 1 0
goshop/pkg/storage/redis_cluster.go:1101.95,1102.22 1 0
goshop/pkg/storage/redis_cluster.go:1102.22,1104.3 1 0
goshop/pkg/storage/redis_cluster.go:1106.2,1107.31 2 0
goshop/pkg/storage/redis_cluster.go:1107.31,1111.3 2 0
goshop/pkg/storage/redis_cluster.go:1112.2,1115.29 3 0
goshop/pkg/storage/redis_cluster.go:1115.29,1117.3 1 0
goshop/pkg/storage/redis_cluster.go:1119.2,1119.42 1 0
goshop/pkg/storage/redis_cluster.go:1119.42,1121.3 1 0
goshop/pkg/storage/redis_cluster.go:1124.2,1124.114 1 0
goshop/pkg/storage/redis_cluster.go:1124.114,1127.16 2 0
goshop/pkg/storage/redis_cluster.go:1127.16,1129.4 1 0
goshop/pkg/storage/redis_cluster.go:1134.95,1140.31 2 0
goshop/pkg/storage/redis_cluster.go:1140.31,1142.3 1 0
goshop/pkg/storage/redis_cluster.go:1143.2,1144.16 2 0
goshop/pkg/storage/redis_cluster.go:1144.16,1148.3 2 0
goshop/pkg/storage/redis_cluster.go:1150.2,1151.28 2 0
goshop/pkg/storage/redis_cluster.go:1151.28,1153.3 1 0
goshop/pkg/storage/redis_cluster.go:1155.2,1155.20 1 0
goshop/pkg/storage/redis_cluster.go:1159.77,1166.31 2 0
goshop/pkg/storage/redis_cluster.go:1166.31,1168.3 1 0
goshop/pkg/storage/redis_cluster.go:1169.2,1170.16 2 0
goshop/pkg/storage/redis_cluster.go:1170.16,1172.3 1 0
goshop/pkg/storage/redis_cluster.go:1176.82,1183.31 2 0
goshop/pkg/storage/redis_cluster.go:1183.31,1187.3 2 0
goshop/pkg/storage/redis_cluster.go:1188.2,1189.16 2 0
goshop/pkg/storage/redis_cluster.go:1189.16,1191.3 1 0
goshop/pkg/storage/redis_cluster.go:1195.87,1196.31 1 0
goshop/pkg/storage/redis_cluster.go:1196.31,1200.3 2 0
goshop/pkg/storage/redis_cluster.go:1201.2,1202.16 2 0
goshop/pkg/storage/redis_cluster.go:1202.16,1206.3 2 0
goshop/pkg/storage/redis_cluster.go:1208.2,1215.12 2 0
goshop/pkg/storage/redis_cluster.go:1225.24,1227.31 2 0
goshop/pkg/storage/redis_cluster.go:1227.31,1231.3 2 0
goshop/pkg/storage/redis_cluster.go:1232.2,1240.45 7 0
goshop/pkg/storage/redis_cluster.go:1240.45,1248.28 4 0
goshop/pkg/storage/redis_cluster.go:1248.28,1250.4 1 0
goshop/pkg/storage/redis_cluster.go:1250.9,1252.4 1 0
goshop/pkg/storage/redis_cluster.go:1254.3,1257.13 3 0
goshop/pkg/storage/redis_cluster.go:1260.2,1261.14 2 0
goshop/pkg/storage/redis_cluster.go:1261.14,1263.3 1 0
goshop/pkg/storage/redis_cluster.go:1263.8,1265.3 1 0
goshop/pkg/storage/redis_cluster.go:1267.2,1267.16 1 0
goshop/pkg/storage/redis_cluster.go:1267.16,1271.3 2 0
goshop/pkg/storage/redis_cluster.go:1273.2,1276.19 2 0
goshop/pkg/storage/redis_cluster.go:1276.19,1278.3 1 0
goshop/pkg/storage/redis_cluster.go:1280.2,1283.27 3 0
goshop/pkg/storage/redis_cluster.go:1283.27,1285.3 1 0
goshop/pkg/storage/redis_cluster.go:1287.2,1289.23 2 0
goshop/pkg/storage/redis_cluster.go:1293.125,1294.31 1 0
goshop/pkg/storage/redis_cluster.go:1294.31,1298.3 2 0
goshop/pkg/storage/redis_cluster.go:1299.2,1305.45 5 0
goshop/pkg/storage/redis_cluster.go:1305.45,1310.3 3 0
goshop/pkg/storage/redis_cluster.go:1312.2,1313.14 2 0
goshop/pkg/storage/redis_cluster.go:1313.14,1315.3 1 0
goshop/pkg/storage/redis_cluster.go:1315.8,1317.3 1 0
goshop/pkg/storage/redis_cluster.go:1318.2,1318.16 1 0
goshop/pkg/storage/redis_cluster.go:1318.16,1322.3 2 0
goshop/pkg/storage/redis_cluster.go:1324.2,1327.19 2 0
goshop/pkg/storage/redis_cluster.go:1327.19,1329.3 1 0
goshop/pkg/storage/redis_cluster.go:1331.2,1333.27 3 0
goshop/pkg/storage/redis_cluster.go:1333.27,1335.3 1 0
goshop/pkg/storage/redis_cluster.go:1337.2,1339.23 2 0
goshop/pkg/storage/redis_cluster.go:1343.46,1345.2 1 0
goshop/pkg/storage/redis_cluster.go:1348.98,1358.31 3 0
goshop/pkg/storage/redis_cluster.go:1358.31,1362.3 2 0
goshop/pkg/storage/redis_cluster.go:1363.2,1364.72 2 0
goshop/pkg/storage/redis_cluster.go:1364.72,1371.3 1 0
goshop/pkg/storage/redis_cluster.go:1375.128,1387.16 5 0
goshop/pkg/storage/redis_cluster.go:1387.16,1398.3 2 0
goshop/pkg/storage/redis_cluster.go:1400.2,1400.22 1 0
goshop/pkg/storage/redis_cluster.go:1400.22,1402.3 1 0
goshop/pkg/storage/redis_cluster.go:1404.2,1407.27 3 0
goshop/pkg/storage/redis_cluster.go:1407.27,1410.3 2 0
goshop/pkg/storage/redis_cluster.go:1412.2,1412.30 1 0
goshop/pkg/storage/redis_cluster.go:1416.108,1427.96 3 0
goshop/pkg/storage/redis_cluster.go:1427.96,1438.3 2 0
goshop/pkg/storage/redis_cluster.go:1440.2,1440.12 1 0
goshop/pkg/storage/redis_resilience.go:18.88,20.16 2 2
goshop/pkg/storage/redis_resilience.go:20.16,22.3 1 0
goshop/pkg/storage/redis_resilience.go:23.2,23.48 1 2
goshop/pkg/storage/redis_resilience.go:26.76,27.75 1 1
goshop/pkg/storage/redis_resilience.go:27.75,29.3 1 0
goshop/pkg/storage/redis_resilience.go:32.85,33.58 1 2
goshop/pkg/storage/redis_resilience.go:33.58,35.72 2 2
goshop/pkg/storage/redis_resilience.go:35.72,37.4 1 1
goshop/pkg/storage/redis_resilience.go:41.109,42.65 1 2
goshop/pkg/storage/redis_resilience.go:42.65,43.74 1 0
goshop/pkg/storage/redis_resilience.go:43.74,45.4 1 0
goshop/pkg/storage/redis_resilience.go:49.45,51.2 1 4
goshop/pkg/storage/server.go:14.40,16.2 1 0
goshop/pkg/storage/server.go:19.51,20.21 1 0
goshop/pkg/storage/server.go:20.21,22.3 1 0
goshop/pkg/storage/server.go:23.2,24.12 2 0
goshop/pkg/storage/server.go:28.46,30.2 1 0
goshop/pkg/storage/storage.go:72.72,73.17 1 0
goshop/pkg/storage/storage.go:73.17,75.3 1 0
goshop/pkg/storage/storage.go:77.2,77.25 1 0
goshop/pkg/storage/storage.go:77.25,79.17 2 0
goshop/pkg/storage/storage.go:79.17,81.4 1 0
goshop/pkg/storage/storage.go:83.3,85.67 2 0
goshop/pkg/storage/storage.go:89.2,89.27 1 0
goshop/pkg/storage/storage.go:96.41,98.45 1 1
goshop/pkg/storage/storage.go:98.45,99.75 1 0
goshop/pkg/storage/storage.go:99.75,103.4 2 0
goshop/pkg/storage/storage.go:106.2,106.11 1 1
goshop/pkg/storage/storage.go:110.36,111.45 1 0
goshop/pkg/storage/storage.go:111.45,112.75 1 0
goshop/pkg/storage/storage.go:112.75,114.70 1 0
goshop/pkg/storage/storage.go:114.70,116.5 1 0
goshop/pkg/storage/storage.go:121.2,121.21 1 0
goshop/pkg/storage/storage.go:121.21,123.3 1 0
goshop/pkg/storage/storage.go:125.2,125.11 1 0
goshop/pkg/storage/storage.go:136.56,137.19 1 1
goshop/pkg/storage/storage.go:138.18,139.27 1 0
goshop/pkg/storage/storage.go:140.20,141.30 1 0
goshop/pkg/storage/storage.go:142.21,143.31 1 0
goshop/pkg/storage/storage.go:144.24,145.30 1 1
goshop/pkg/storage/storage.go:146.10,147.107 1 0
goshop/pkg/storage/storage.go:152.32,157.2 3 1
goshop/pkg/storage/storage.go:160.32,162.2 1 0
goshop/third_party/forked/murmur3/murmur.go:27.34,27.46 1 0
goshop/third_party/forked/murmur3/murmur.go:29.53,33.21 3 168
goshop/third_party/forked/murmur3/murmur.go:33.21,36.21 2 54
goshop/third_party/forked/murmur3/murmur.go:36.21,41.4 3 33
goshop/third_party/forked/murmur3/murmur.go:41.9,44.4 1 21
goshop/third_party/forked/murmur3/murmur.go:47.2,53.15 4 168
goshop/third_party/forked/murmur3/murmur.go:56.26,60.2 3 120
goshop/third_party/forked/murmur3/murmur128.go:35.23,35.51 1 0
goshop/third_party/forked/murmur3/murmur128.go:38.42,44.2 5 45
goshop/third_party/forked/murmur3/murmur128.go:46.32,46.45 1 165
goshop/third_party/forked/murmur3/murmur128.go:48.29,48.76 1 75
goshop/third_party/forked/murmur3/murmur128.go:50.42,59.2 2 15
goshop/third_party/forked/murmur3/murmur128.go:61.50,65.31 3 138
goshop/third_party/forked/murmur3/murmur128.go:65.31,86.3 16 63
goshop/third_party/forked/murmur3/murmur128.go:87.2,88.29 2 138
goshop/third_party/forked/murmur3/murmur128.go:91.46,96.26 3 105
goshop/third_party/forked/murmur3/murmur128.go:97.10,99.14 2 0
goshop/third_party/forked/murmur3/murmur128.go:100.10,102.14 2 0
goshop/third_party/forked/murmur3/murmur128.go:103.10,105.14 2 0
goshop/third_party/forked/murmur3/murmur128.go:106.10,108.14 2 42
goshop/third_party/forked/murmur3/murmur128.go:109.10,111.14 2 42
goshop/third_party/forked/murmur3/murmur128.go:112.10,114.14 2 42
goshop/third_party/forked/murmur3/murmur128.go:115.9,123.14 6 63
goshop/third_party/forked/murmur3/murmur128.go:125.9,127.14 2 63
goshop/third_party/forked/murmur3/murmur128.go:128.9,130.14 2 63
goshop/third_party/forked/murmur3/murmur128.go:131.9,133.14 2 63
goshop/third_party/forked/murmur3/murmur128.go:134.9,136.14 2 84
goshop/third_party/forked/murmur3/murmur128.go:137.9,139.14 2 84
goshop/third_party/forked/murmur3/murmur128.go:140.9,142.14 2 84
goshop/third_party/forked/murmur3/murmur128.go:143.9,145.14 2 84
goshop/third_party/forked/murmur3/murmur128.go:146.9,151.11 5 84
goshop/third_party/forked/murmur3/murmur128.go:154.2,166.15 9 105
goshop/third_party/forked/murmur3/murmur128.go:169.30,176.2 6 210
goshop/third_party/forked/murmur3/murmur128.go:190.49,190.83 1 0
goshop/third_party/forked/murmur3/murmur128.go:198.70,204.2 5 15
goshop/third_party/forked/murmur3/murmur32.go:30.26,30.53 1 0
goshop/third_party/forked/murmur3/murmur32.go:33.45,39.2 5 30
goshop/third_party/forked/murmur3/murmur32.go:41.31,41.43 1 120
goshop/third_party/forked/murmur3/murmur32.go:43.28,43.45 1 45
goshop/third_party/forked/murmur3/murmur32.go:45.41,48.2 2 15
goshop/third_party/forked/murmur3/murmur32.go:51.49,55.31 3 93
goshop/third_party/forked/murmur3/murmur32.go:55.31,65.3 7 189
goshop/third_party/forked/murmur3/murmur32.go:66.2,67.29 2 93
goshop/third_party/forked/murmur3/murmur32.go:70.40,75.25 3 45
goshop/third_party/forked/murmur3/murmur32.go:76.9,78.14 2 0
goshop/third_party/forked/murmur3/murmur32.go:79.9,81.14 2 0
goshop/third_party/forked/murmur3/murmur32.go:82.9,87.11 5 18
goshop/third_party/forked/murmur3/murmur32.go:90.2,98.11 7 45
goshop/third_party/forked/murmur3/murmur32.go:107.32,107.65 1 0
goshop/third_party/forked/murmur3/murmur32.go:119.53,125.19 4 15
goshop/third_party/forked/murmur3/murmur32.go:125.19,127.3 1 12
goshop/third_party/forked/murmur3/murmur32.go:128.2,129.23 2 15
goshop/third_party/forked/murmur3/murmur32.go:129.23,139.3 7 63
goshop/third_party/forked/murmur3/murmur32.go:141.2,144.23 3 15
goshop/third_party/forked/murmur3/murmur32.go:145.9,147.14 2 0
goshop/third_party/forked/murmur3/murmur32.go:148.9,150.14 2 0
goshop/third_party/forked/murmur3/murmur32.go:151.9,156.11 5 6
goshop/third_party/forked/murmur3/murmur32.go:159.2,167.11 7 15
goshop/third_party/forked/murmur3/murmur32_legacy.go:27.32,32.2 4 0
goshop/third_party/forked/murmur3/murmur32_legacy.go:34.37,34.49 1 0
goshop/third_party/forked/murmur3/murmur32_legacy.go:36.34,36.46 1 0
goshop/third_party/forked/murmur3/murmur32_legacy.go:38.47,41.2 2 0
goshop/third_party/forked/murmur3/murmur32_legacy.go:44.55,48.31 3 0
goshop/third_party/forked/murmur3/murmur32_legacy.go:48.31,58.3 7 0
goshop/third_party/forked/murmur3/murmur32_legacy.go:59.2,60.29 2 0
goshop/third_party/forked/murmur3/murmur32_legacy.go:63.46,68.25 3 0
goshop/third_party/forked/murmur3/murmur32_legacy.go:69.9,71.14 2 0
goshop/third_party/forked/murmur3/murmur32_legacy.go:72.9,74.14 2 0
goshop/third_party/forked/murmur3/murmur32_legacy.go:75.9,80.11 5 0
goshop/third_party/forked/murmur3/murmur32_legacy.go:83.2,91.11 7 0
goshop/third_party/forked/murmur3/murmur32_legacy.go:106.38,112.19 4 0
goshop/third_party/forked/murmur3/murmur32_legacy.go:112.19,114.3 1 0
goshop/third_party/forked/murmur3/murmur32_legacy.go:115.2,116.23 2 0
goshop/third_party/forked/murmur3/murmur32_legacy.go:116.23,126.3 7 0
goshop/third_party/forked/murmur3/murmur32_legacy.go:128.2,131.23 3 0
goshop/third_party/forked/murmur3/murmur32_legacy.go:132.9,134.14 2 0
goshop/third_party/forked/murmur3/murmur32_legacy.go:135.9,137.14 2 0
goshop/third_party/forked/murmur3/murmur32_legacy.go:138.9,143.11 5 0
goshop/third_party/forked/murmur3/murmur32_legacy.go:146.2,154.11 7 0
goshop/third_party/forked/murmur3/murmur64.go:18.26,18.53 1 0
goshop/third_party/forked/murmur3/murmur64.go:21.45,24.2 2 15
goshop/third_party/forked/murmur3/murmur64.go:26.41,31.2 2 15
goshop/third_party/forked/murmur3/murmur64.go:33.35,36.2 2 30
goshop/third_party/forked/murmur3/murmur64.go:44.32,44.65 1 0
goshop/third_party/forked/murmur3/murmur64.go:52.53,59.2 6 15
